{"timestamp":"2025-10-02T07:58:14.023974Z","level":"info","event":"Filling up the DagBag from /opt/airflow/dags/xcom.py","logger":"airflow.models.dagbag.DagBag","filename":"dagbag.py","lineno":593}
{"timestamp":"2025-10-02T07:58:44.507933Z","level":"info","event":"Filling up the DagBag from /opt/airflow/dags/xcom.py","logger":"airflow.models.dagbag.DagBag","filename":"dagbag.py","lineno":593}
{"timestamp":"2025-10-02T07:59:14.984907Z","level":"info","event":"Filling up the DagBag from /opt/airflow/dags/xcom.py","logger":"airflow.models.dagbag.DagBag","filename":"dagbag.py","lineno":593}
{"timestamp":"2025-10-02T07:59:45.601932Z","level":"info","event":"Filling up the DagBag from /opt/airflow/dags/xcom.py","logger":"airflow.models.dagbag.DagBag","filename":"dagbag.py","lineno":593}
{"timestamp":"2025-10-02T08:00:16.182951Z","level":"info","event":"Filling up the DagBag from /opt/airflow/dags/xcom.py","logger":"airflow.models.dagbag.DagBag","filename":"dagbag.py","lineno":593}
{"timestamp":"2025-10-02T08:00:46.667643Z","level":"info","event":"Filling up the DagBag from /opt/airflow/dags/xcom.py","logger":"airflow.models.dagbag.DagBag","filename":"dagbag.py","lineno":593}
{"timestamp":"2025-10-02T08:01:02.825527Z","level":"info","event":"Filling up the DagBag from /opt/airflow/dags/xcom.py","logger":"airflow.models.dagbag.DagBag","filename":"dagbag.py","lineno":593}
{"timestamp":"2025-10-02T08:01:05.910773Z","level":"info","event":"Filling up the DagBag from /opt/airflow/dags/xcom.py","logger":"airflow.models.dagbag.DagBag","filename":"dagbag.py","lineno":593}
{"timestamp":"2025-10-02T08:01:09.265429Z","level":"info","event":"Filling up the DagBag from /opt/airflow/dags/xcom.py","logger":"airflow.models.dagbag.DagBag","filename":"dagbag.py","lineno":593}
{"timestamp":"2025-10-02T08:01:09.269499Z","level":"error","event":"Failed to import: /opt/airflow/dags/xcom.py","logger":"airflow.models.dagbag.DagBag","filename":"dagbag.py","lineno":415,"error_detail":[{"exc_type":"IndentationError","exc_value":"unexpected indent (xcom.py, line 15)","exc_notes":[],"syntax_error":{"offset":7,"filename":"/opt/airflow/dags/xcom.py","line":"       print(f\"This is a {animal}!\")\n","lineno":15,"msg":"unexpected indent"},"is_cause":false,"frames":[{"filename":"/home/airflow/.local/lib/python3.12/site-packages/airflow/models/dagbag.py","lineno":405,"name":"parse"},{"filename":"<frozen importlib._bootstrap_external>","lineno":995,"name":"exec_module"},{"filename":"<frozen importlib._bootstrap_external>","lineno":1133,"name":"get_code"},{"filename":"<frozen importlib._bootstrap_external>","lineno":1063,"name":"source_to_code"},{"filename":"<frozen importlib._bootstrap>","lineno":488,"name":"_call_with_frames_removed"}],"is_group":false,"exceptions":[]}]}
{"timestamp":"2025-10-02T08:01:10.363146Z","level":"info","event":"Filling up the DagBag from /opt/airflow/dags/xcom.py","logger":"airflow.models.dagbag.DagBag","filename":"dagbag.py","lineno":593}
{"timestamp":"2025-10-02T08:01:19.558388Z","level":"info","event":"Filling up the DagBag from /opt/airflow/dags/xcom.py","logger":"airflow.models.dagbag.DagBag","filename":"dagbag.py","lineno":593}
{"timestamp":"2025-10-02T08:01:20.829366Z","level":"info","event":"Filling up the DagBag from /opt/airflow/dags/xcom.py","logger":"airflow.models.dagbag.DagBag","filename":"dagbag.py","lineno":593}
{"timestamp":"2025-10-02T08:01:23.930237Z","level":"info","event":"Filling up the DagBag from /opt/airflow/dags/xcom.py","logger":"airflow.models.dagbag.DagBag","filename":"dagbag.py","lineno":593}
{"timestamp":"2025-10-02T08:01:29.015845Z","level":"info","event":"Filling up the DagBag from /opt/airflow/dags/xcom.py","logger":"airflow.models.dagbag.DagBag","filename":"dagbag.py","lineno":593}
{"timestamp":"2025-10-02T08:01:33.132894Z","level":"info","event":"Filling up the DagBag from /opt/airflow/dags/xcom.py","logger":"airflow.models.dagbag.DagBag","filename":"dagbag.py","lineno":593}
{"timestamp":"2025-10-02T08:01:33.148460Z","level":"error","event":"Failed to import: /opt/airflow/dags/xcom.py","logger":"airflow.models.dagbag.DagBag","filename":"dagbag.py","lineno":415,"error_detail":[{"exc_type":"IndentationError","exc_value":"unexpected indent (xcom.py, line 11)","exc_notes":[],"syntax_error":{"offset":6,"filename":"/opt/airflow/dags/xcom.py","line":"      return \"tiger\"\n","lineno":11,"msg":"unexpected indent"},"is_cause":false,"frames":[{"filename":"/home/airflow/.local/lib/python3.12/site-packages/airflow/models/dagbag.py","lineno":405,"name":"parse"},{"filename":"<frozen importlib._bootstrap_external>","lineno":995,"name":"exec_module"},{"filename":"<frozen importlib._bootstrap_external>","lineno":1133,"name":"get_code"},{"filename":"<frozen importlib._bootstrap_external>","lineno":1063,"name":"source_to_code"},{"filename":"<frozen importlib._bootstrap>","lineno":488,"name":"_call_with_frames_removed"}],"is_group":false,"exceptions":[]}]}
{"timestamp":"2025-10-02T08:01:34.215298Z","level":"info","event":"Filling up the DagBag from /opt/airflow/dags/xcom.py","logger":"airflow.models.dagbag.DagBag","filename":"dagbag.py","lineno":593}
{"timestamp":"2025-10-02T08:01:37.493526Z","level":"info","event":"Filling up the DagBag from /opt/airflow/dags/xcom.py","logger":"airflow.models.dagbag.DagBag","filename":"dagbag.py","lineno":593}
{"timestamp":"2025-10-02T08:02:08.013603Z","level":"info","event":"Filling up the DagBag from /opt/airflow/dags/xcom.py","logger":"airflow.models.dagbag.DagBag","filename":"dagbag.py","lineno":593}
{"timestamp":"2025-10-02T08:02:11.523063Z","level":"info","event":"Filling up the DagBag from /opt/airflow/dags/xcom.py","logger":"airflow.models.dagbag.DagBag","filename":"dagbag.py","lineno":593}
{"timestamp":"2025-10-02T08:02:14.609924Z","level":"info","event":"Filling up the DagBag from /opt/airflow/dags/xcom.py","logger":"airflow.models.dagbag.DagBag","filename":"dagbag.py","lineno":593}
{"timestamp":"2025-10-02T08:02:45.080134Z","level":"info","event":"Filling up the DagBag from /opt/airflow/dags/xcom.py","logger":"airflow.models.dagbag.DagBag","filename":"dagbag.py","lineno":593}
{"timestamp":"2025-10-02T08:02:46.129138Z","level":"info","event":"Filling up the DagBag from /opt/airflow/dags/xcom.py","logger":"airflow.models.dagbag.DagBag","filename":"dagbag.py","lineno":593}
{"timestamp":"2025-10-02T08:02:52.209459Z","level":"info","event":"Filling up the DagBag from /opt/airflow/dags/xcom.py","logger":"airflow.models.dagbag.DagBag","filename":"dagbag.py","lineno":593}
{"timestamp":"2025-10-02T08:02:53.285804Z","level":"info","event":"Filling up the DagBag from /opt/airflow/dags/xcom.py","logger":"airflow.models.dagbag.DagBag","filename":"dagbag.py","lineno":593}
{"timestamp":"2025-10-02T08:02:56.350087Z","level":"info","event":"Filling up the DagBag from /opt/airflow/dags/xcom.py","logger":"airflow.models.dagbag.DagBag","filename":"dagbag.py","lineno":593}
{"timestamp":"2025-10-02T08:02:56.352146Z","level":"error","event":"Failed to import: /opt/airflow/dags/xcom.py","logger":"airflow.models.dagbag.DagBag","filename":"dagbag.py","lineno":415,"error_detail":[{"exc_type":"SyntaxError","exc_value":"unterminated string literal (detected at line 18) (xcom.py, line 18)","exc_notes":[],"syntax_error":{"offset":67,"filename":"/opt/airflow/dags/xcom.py","line":"    another_animal = ti.xcom_pull(task_ids=\"push,key=\"return_value\")","lineno":18,"msg":"unterminated string literal (detected at line 18)"},"is_cause":false,"frames":[{"filename":"/home/airflow/.local/lib/python3.12/site-packages/airflow/models/dagbag.py","lineno":405,"name":"parse"},{"filename":"<frozen importlib._bootstrap_external>","lineno":995,"name":"exec_module"},{"filename":"<frozen importlib._bootstrap_external>","lineno":1133,"name":"get_code"},{"filename":"<frozen importlib._bootstrap_external>","lineno":1063,"name":"source_to_code"},{"filename":"<frozen importlib._bootstrap>","lineno":488,"name":"_call_with_frames_removed"}],"is_group":false,"exceptions":[]}]}
{"timestamp":"2025-10-02T08:03:04.453534Z","level":"info","event":"Filling up the DagBag from /opt/airflow/dags/xcom.py","logger":"airflow.models.dagbag.DagBag","filename":"dagbag.py","lineno":593}
{"timestamp":"2025-10-02T08:03:35.017165Z","level":"info","event":"Filling up the DagBag from /opt/airflow/dags/xcom.py","logger":"airflow.models.dagbag.DagBag","filename":"dagbag.py","lineno":593}
{"timestamp":"2025-10-02T08:04:05.533540Z","level":"info","event":"Filling up the DagBag from /opt/airflow/dags/xcom.py","logger":"airflow.models.dagbag.DagBag","filename":"dagbag.py","lineno":593}
{"timestamp":"2025-10-02T08:04:36.171248Z","level":"info","event":"Filling up the DagBag from /opt/airflow/dags/xcom.py","logger":"airflow.models.dagbag.DagBag","filename":"dagbag.py","lineno":593}
{"timestamp":"2025-10-02T08:05:06.759347Z","level":"info","event":"Filling up the DagBag from /opt/airflow/dags/xcom.py","logger":"airflow.models.dagbag.DagBag","filename":"dagbag.py","lineno":593}
{"timestamp":"2025-10-02T08:05:37.270022Z","level":"info","event":"Filling up the DagBag from /opt/airflow/dags/xcom.py","logger":"airflow.models.dagbag.DagBag","filename":"dagbag.py","lineno":593}
{"timestamp":"2025-10-02T08:06:07.716045Z","level":"info","event":"Filling up the DagBag from /opt/airflow/dags/xcom.py","logger":"airflow.models.dagbag.DagBag","filename":"dagbag.py","lineno":593}
{"timestamp":"2025-10-02T08:06:38.160718Z","level":"info","event":"Filling up the DagBag from /opt/airflow/dags/xcom.py","logger":"airflow.models.dagbag.DagBag","filename":"dagbag.py","lineno":593}
{"timestamp":"2025-10-02T08:07:08.716110Z","level":"info","event":"Filling up the DagBag from /opt/airflow/dags/xcom.py","logger":"airflow.models.dagbag.DagBag","filename":"dagbag.py","lineno":593}
{"timestamp":"2025-10-02T08:07:39.223569Z","level":"info","event":"Filling up the DagBag from /opt/airflow/dags/xcom.py","logger":"airflow.models.dagbag.DagBag","filename":"dagbag.py","lineno":593}
{"timestamp":"2025-10-02T08:08:09.720092Z","level":"info","event":"Filling up the DagBag from /opt/airflow/dags/xcom.py","logger":"airflow.models.dagbag.DagBag","filename":"dagbag.py","lineno":593}
{"timestamp":"2025-10-02T08:08:40.248292Z","level":"info","event":"Filling up the DagBag from /opt/airflow/dags/xcom.py","logger":"airflow.models.dagbag.DagBag","filename":"dagbag.py","lineno":593}
{"timestamp":"2025-10-02T08:09:10.742004Z","level":"info","event":"Filling up the DagBag from /opt/airflow/dags/xcom.py","logger":"airflow.models.dagbag.DagBag","filename":"dagbag.py","lineno":593}
{"timestamp":"2025-10-02T08:09:41.364404Z","level":"info","event":"Filling up the DagBag from /opt/airflow/dags/xcom.py","logger":"airflow.models.dagbag.DagBag","filename":"dagbag.py","lineno":593}
{"timestamp":"2025-10-02T08:10:11.937476Z","level":"info","event":"Filling up the DagBag from /opt/airflow/dags/xcom.py","logger":"airflow.models.dagbag.DagBag","filename":"dagbag.py","lineno":593}
{"timestamp":"2025-10-02T08:10:40.427469Z","level":"info","event":"Filling up the DagBag from /opt/airflow/dags/xcom.py","logger":"airflow.models.dagbag.DagBag","filename":"dagbag.py","lineno":593}
{"timestamp":"2025-10-02T08:10:44.560361Z","level":"info","event":"Filling up the DagBag from /opt/airflow/dags/xcom.py","logger":"airflow.models.dagbag.DagBag","filename":"dagbag.py","lineno":593}
{"timestamp":"2025-10-02T08:10:48.759756Z","level":"info","event":"Filling up the DagBag from /opt/airflow/dags/xcom.py","logger":"airflow.models.dagbag.DagBag","filename":"dagbag.py","lineno":593}
{"timestamp":"2025-10-02T08:10:48.761629Z","level":"error","event":"Failed to import: /opt/airflow/dags/xcom.py","logger":"airflow.models.dagbag.DagBag","filename":"dagbag.py","lineno":415,"error_detail":[{"exc_type":"SyntaxError","exc_value":"invalid syntax (xcom.py, line 10)","exc_notes":[],"syntax_error":{"offset":5,"filename":"/opt/airflow/dags/xcom.py","line":"    .xcom_push(key=\"animal\", value=\"cat\")\n","lineno":10,"msg":"invalid syntax"},"is_cause":false,"frames":[{"filename":"/home/airflow/.local/lib/python3.12/site-packages/airflow/models/dagbag.py","lineno":405,"name":"parse"},{"filename":"<frozen importlib._bootstrap_external>","lineno":995,"name":"exec_module"},{"filename":"<frozen importlib._bootstrap_external>","lineno":1133,"name":"get_code"},{"filename":"<frozen importlib._bootstrap_external>","lineno":1063,"name":"source_to_code"},{"filename":"<frozen importlib._bootstrap>","lineno":488,"name":"_call_with_frames_removed"}],"is_group":false,"exceptions":[]}]}
{"timestamp":"2025-10-02T08:11:08.032981Z","level":"info","event":"Filling up the DagBag from /opt/airflow/dags/xcom.py","logger":"airflow.models.dagbag.DagBag","filename":"dagbag.py","lineno":593}
{"timestamp":"2025-10-02T08:11:38.567949Z","level":"info","event":"Filling up the DagBag from /opt/airflow/dags/xcom.py","logger":"airflow.models.dagbag.DagBag","filename":"dagbag.py","lineno":593}
{"timestamp":"2025-10-02T08:12:09.051711Z","level":"info","event":"Filling up the DagBag from /opt/airflow/dags/xcom.py","logger":"airflow.models.dagbag.DagBag","filename":"dagbag.py","lineno":593}
{"timestamp":"2025-10-02T08:12:39.556903Z","level":"info","event":"Filling up the DagBag from /opt/airflow/dags/xcom.py","logger":"airflow.models.dagbag.DagBag","filename":"dagbag.py","lineno":593}
{"timestamp":"2025-10-02T08:13:10.022742Z","level":"info","event":"Filling up the DagBag from /opt/airflow/dags/xcom.py","logger":"airflow.models.dagbag.DagBag","filename":"dagbag.py","lineno":593}
{"timestamp":"2025-10-02T08:13:40.519028Z","level":"info","event":"Filling up the DagBag from /opt/airflow/dags/xcom.py","logger":"airflow.models.dagbag.DagBag","filename":"dagbag.py","lineno":593}
{"timestamp":"2025-10-02T08:14:10.994610Z","level":"info","event":"Filling up the DagBag from /opt/airflow/dags/xcom.py","logger":"airflow.models.dagbag.DagBag","filename":"dagbag.py","lineno":593}
{"timestamp":"2025-10-02T08:14:41.602213Z","level":"info","event":"Filling up the DagBag from /opt/airflow/dags/xcom.py","logger":"airflow.models.dagbag.DagBag","filename":"dagbag.py","lineno":593}
{"timestamp":"2025-10-02T08:14:50.704071Z","level":"info","event":"Filling up the DagBag from /opt/airflow/dags/xcom.py","logger":"airflow.models.dagbag.DagBag","filename":"dagbag.py","lineno":593}
{"timestamp":"2025-10-02T08:15:01.152666Z","level":"info","event":"Filling up the DagBag from /opt/airflow/dags/xcom.py","logger":"airflow.models.dagbag.DagBag","filename":"dagbag.py","lineno":593}
{"timestamp":"2025-10-02T08:15:05.235018Z","level":"info","event":"Filling up the DagBag from /opt/airflow/dags/xcom.py","logger":"airflow.models.dagbag.DagBag","filename":"dagbag.py","lineno":593}
{"timestamp":"2025-10-02T08:15:07.321747Z","level":"info","event":"Filling up the DagBag from /opt/airflow/dags/xcom.py","logger":"airflow.models.dagbag.DagBag","filename":"dagbag.py","lineno":593}
{"timestamp":"2025-10-02T08:15:10.396834Z","level":"info","event":"Filling up the DagBag from /opt/airflow/dags/xcom.py","logger":"airflow.models.dagbag.DagBag","filename":"dagbag.py","lineno":593}
{"timestamp":"2025-10-02T08:15:13.472501Z","level":"info","event":"Filling up the DagBag from /opt/airflow/dags/xcom.py","logger":"airflow.models.dagbag.DagBag","filename":"dagbag.py","lineno":593}
{"timestamp":"2025-10-02T08:15:43.949152Z","level":"info","event":"Filling up the DagBag from /opt/airflow/dags/xcom.py","logger":"airflow.models.dagbag.DagBag","filename":"dagbag.py","lineno":593}
{"timestamp":"2025-10-02T08:16:14.405479Z","level":"info","event":"Filling up the DagBag from /opt/airflow/dags/xcom.py","logger":"airflow.models.dagbag.DagBag","filename":"dagbag.py","lineno":593}
{"timestamp":"2025-10-02T08:16:44.866999Z","level":"info","event":"Filling up the DagBag from /opt/airflow/dags/xcom.py","logger":"airflow.models.dagbag.DagBag","filename":"dagbag.py","lineno":593}
{"timestamp":"2025-10-02T08:17:15.318978Z","level":"info","event":"Filling up the DagBag from /opt/airflow/dags/xcom.py","logger":"airflow.models.dagbag.DagBag","filename":"dagbag.py","lineno":593}
{"timestamp":"2025-10-02T08:17:45.849348Z","level":"info","event":"Filling up the DagBag from /opt/airflow/dags/xcom.py","logger":"airflow.models.dagbag.DagBag","filename":"dagbag.py","lineno":593}
{"timestamp":"2025-10-02T08:18:16.378934Z","level":"info","event":"Filling up the DagBag from /opt/airflow/dags/xcom.py","logger":"airflow.models.dagbag.DagBag","filename":"dagbag.py","lineno":593}
{"timestamp":"2025-10-02T08:18:46.860034Z","level":"info","event":"Filling up the DagBag from /opt/airflow/dags/xcom.py","logger":"airflow.models.dagbag.DagBag","filename":"dagbag.py","lineno":593}
{"timestamp":"2025-10-02T08:19:17.355182Z","level":"info","event":"Filling up the DagBag from /opt/airflow/dags/xcom.py","logger":"airflow.models.dagbag.DagBag","filename":"dagbag.py","lineno":593}
{"timestamp":"2025-10-02T08:19:47.940351Z","level":"info","event":"Filling up the DagBag from /opt/airflow/dags/xcom.py","logger":"airflow.models.dagbag.DagBag","filename":"dagbag.py","lineno":593}
{"timestamp":"2025-10-02T08:20:18.433742Z","level":"info","event":"Filling up the DagBag from /opt/airflow/dags/xcom.py","logger":"airflow.models.dagbag.DagBag","filename":"dagbag.py","lineno":593}
{"timestamp":"2025-10-02T08:20:48.889607Z","level":"info","event":"Filling up the DagBag from /opt/airflow/dags/xcom.py","logger":"airflow.models.dagbag.DagBag","filename":"dagbag.py","lineno":593}
{"timestamp":"2025-10-02T08:21:19.388281Z","level":"info","event":"Filling up the DagBag from /opt/airflow/dags/xcom.py","logger":"airflow.models.dagbag.DagBag","filename":"dagbag.py","lineno":593}
{"timestamp":"2025-10-02T08:21:49.850214Z","level":"info","event":"Filling up the DagBag from /opt/airflow/dags/xcom.py","logger":"airflow.models.dagbag.DagBag","filename":"dagbag.py","lineno":593}
{"timestamp":"2025-10-02T08:22:20.357629Z","level":"info","event":"Filling up the DagBag from /opt/airflow/dags/xcom.py","logger":"airflow.models.dagbag.DagBag","filename":"dagbag.py","lineno":593}
{"timestamp":"2025-10-02T08:22:50.934164Z","level":"info","event":"Filling up the DagBag from /opt/airflow/dags/xcom.py","logger":"airflow.models.dagbag.DagBag","filename":"dagbag.py","lineno":593}
{"timestamp":"2025-10-02T08:23:02.368600Z","level":"info","event":"Filling up the DagBag from /opt/airflow/dags/xcom.py","logger":"airflow.models.dagbag.DagBag","filename":"dagbag.py","lineno":593}
{"timestamp":"2025-10-02T08:23:32.805589Z","level":"info","event":"Filling up the DagBag from /opt/airflow/dags/xcom.py","logger":"airflow.models.dagbag.DagBag","filename":"dagbag.py","lineno":593}
{"timestamp":"2025-10-02T08:24:03.546227Z","level":"info","event":"Filling up the DagBag from /opt/airflow/dags/xcom.py","logger":"airflow.models.dagbag.DagBag","filename":"dagbag.py","lineno":593}
{"timestamp":"2025-10-02T08:24:34.144116Z","level":"info","event":"Filling up the DagBag from /opt/airflow/dags/xcom.py","logger":"airflow.models.dagbag.DagBag","filename":"dagbag.py","lineno":593}
{"timestamp":"2025-10-02T08:25:04.726634Z","level":"info","event":"Filling up the DagBag from /opt/airflow/dags/xcom.py","logger":"airflow.models.dagbag.DagBag","filename":"dagbag.py","lineno":593}
{"timestamp":"2025-10-02T08:25:35.195564Z","level":"info","event":"Filling up the DagBag from /opt/airflow/dags/xcom.py","logger":"airflow.models.dagbag.DagBag","filename":"dagbag.py","lineno":593}
{"timestamp":"2025-10-02T08:26:05.687234Z","level":"info","event":"Filling up the DagBag from /opt/airflow/dags/xcom.py","logger":"airflow.models.dagbag.DagBag","filename":"dagbag.py","lineno":593}
{"timestamp":"2025-10-02T08:26:36.201482Z","level":"info","event":"Filling up the DagBag from /opt/airflow/dags/xcom.py","logger":"airflow.models.dagbag.DagBag","filename":"dagbag.py","lineno":593}
{"timestamp":"2025-10-02T08:27:06.656239Z","level":"info","event":"Filling up the DagBag from /opt/airflow/dags/xcom.py","logger":"airflow.models.dagbag.DagBag","filename":"dagbag.py","lineno":593}
{"timestamp":"2025-10-02T08:27:37.095242Z","level":"info","event":"Filling up the DagBag from /opt/airflow/dags/xcom.py","logger":"airflow.models.dagbag.DagBag","filename":"dagbag.py","lineno":593}
{"timestamp":"2025-10-02T08:28:07.552297Z","level":"info","event":"Filling up the DagBag from /opt/airflow/dags/xcom.py","logger":"airflow.models.dagbag.DagBag","filename":"dagbag.py","lineno":593}
{"timestamp":"2025-10-02T08:28:37.997461Z","level":"info","event":"Filling up the DagBag from /opt/airflow/dags/xcom.py","logger":"airflow.models.dagbag.DagBag","filename":"dagbag.py","lineno":593}
{"timestamp":"2025-10-02T08:29:08.625937Z","level":"info","event":"Filling up the DagBag from /opt/airflow/dags/xcom.py","logger":"airflow.models.dagbag.DagBag","filename":"dagbag.py","lineno":593}
{"timestamp":"2025-10-02T08:29:39.099940Z","level":"info","event":"Filling up the DagBag from /opt/airflow/dags/xcom.py","logger":"airflow.models.dagbag.DagBag","filename":"dagbag.py","lineno":593}
{"timestamp":"2025-10-02T08:30:09.666523Z","level":"info","event":"Filling up the DagBag from /opt/airflow/dags/xcom.py","logger":"airflow.models.dagbag.DagBag","filename":"dagbag.py","lineno":593}
{"timestamp":"2025-10-02T08:30:40.177944Z","level":"info","event":"Filling up the DagBag from /opt/airflow/dags/xcom.py","logger":"airflow.models.dagbag.DagBag","filename":"dagbag.py","lineno":593}
{"timestamp":"2025-10-02T08:31:10.608210Z","level":"info","event":"Filling up the DagBag from /opt/airflow/dags/xcom.py","logger":"airflow.models.dagbag.DagBag","filename":"dagbag.py","lineno":593}
{"timestamp":"2025-10-02T08:31:41.039761Z","level":"info","event":"Filling up the DagBag from /opt/airflow/dags/xcom.py","logger":"airflow.models.dagbag.DagBag","filename":"dagbag.py","lineno":593}
{"timestamp":"2025-10-02T08:32:11.471242Z","level":"info","event":"Filling up the DagBag from /opt/airflow/dags/xcom.py","logger":"airflow.models.dagbag.DagBag","filename":"dagbag.py","lineno":593}
{"timestamp":"2025-10-02T08:32:42.021934Z","level":"info","event":"Filling up the DagBag from /opt/airflow/dags/xcom.py","logger":"airflow.models.dagbag.DagBag","filename":"dagbag.py","lineno":593}
{"timestamp":"2025-10-02T08:33:12.505092Z","level":"info","event":"Filling up the DagBag from /opt/airflow/dags/xcom.py","logger":"airflow.models.dagbag.DagBag","filename":"dagbag.py","lineno":593}
{"timestamp":"2025-10-02T08:33:43.110051Z","level":"info","event":"Filling up the DagBag from /opt/airflow/dags/xcom.py","logger":"airflow.models.dagbag.DagBag","filename":"dagbag.py","lineno":593}
{"timestamp":"2025-10-02T08:34:13.949019Z","level":"info","event":"Filling up the DagBag from /opt/airflow/dags/xcom.py","logger":"airflow.models.dagbag.DagBag","filename":"dagbag.py","lineno":593}
{"timestamp":"2025-10-02T08:34:45.016655Z","level":"info","event":"Filling up the DagBag from /opt/airflow/dags/xcom.py","logger":"airflow.models.dagbag.DagBag","filename":"dagbag.py","lineno":593}
{"timestamp":"2025-10-02T08:35:15.628989Z","level":"info","event":"Filling up the DagBag from /opt/airflow/dags/xcom.py","logger":"airflow.models.dagbag.DagBag","filename":"dagbag.py","lineno":593}
