{"timestamp":"2025-10-03T03:31:26.783904Z","level":"info","event":"Filling up the DagBag from /opt/airflow/dags/1and16everymonth.py","logger":"airflow.models.dagbag.DagBag","filename":"dagbag.py","lineno":593}
{"timestamp":"2025-10-03T03:31:26.831369Z","level":"warning","event":"The `airflow.operators.python.PythonOperator` attribute is deprecated. Please use `'airflow.providers.standard.operators.python.PythonOperator'`.","category":"DeprecatedImportWarning","filename":"/opt/airflow/dags/1and16everymonth.py","lineno":4,"logger":"py.warnings"}
{"timestamp":"2025-10-03T03:31:26.831551Z","level":"warning","event":"The `airflow.operators.bash.BashOperator` attribute is deprecated. Please use `'airflow.providers.standard.operators.bash.BashOperator'`.","category":"DeprecatedImportWarning","filename":"/opt/airflow/dags/1and16everymonth.py","lineno":5,"logger":"py.warnings"}
{"timestamp":"2025-10-03T03:31:26.831711Z","level":"warning","event":"The `airflow.utils.timezone.datetime` attribute is deprecated. Please use `'airflow.sdk.timezone.datetime'`.","category":"DeprecatedImportWarning","filename":"/opt/airflow/dags/1and16everymonth.py","lineno":13,"logger":"py.warnings"}
{"timestamp":"2025-10-03T03:32:00.965948Z","level":"info","event":"Filling up the DagBag from /opt/airflow/dags/1and16everymonth.py","logger":"airflow.models.dagbag.DagBag","filename":"dagbag.py","lineno":593}
{"timestamp":"2025-10-03T03:32:00.984228Z","level":"warning","event":"The `airflow.operators.python.PythonOperator` attribute is deprecated. Please use `'airflow.providers.standard.operators.python.PythonOperator'`.","category":"DeprecatedImportWarning","filename":"/opt/airflow/dags/1and16everymonth.py","lineno":4,"logger":"py.warnings"}
{"timestamp":"2025-10-03T03:32:00.985968Z","level":"warning","event":"The `airflow.operators.bash.BashOperator` attribute is deprecated. Please use `'airflow.providers.standard.operators.bash.BashOperator'`.","category":"DeprecatedImportWarning","filename":"/opt/airflow/dags/1and16everymonth.py","lineno":5,"logger":"py.warnings"}
{"timestamp":"2025-10-03T03:32:00.986098Z","level":"warning","event":"The `airflow.utils.timezone.datetime` attribute is deprecated. Please use `'airflow.sdk.timezone.datetime'`.","category":"DeprecatedImportWarning","filename":"/opt/airflow/dags/1and16everymonth.py","lineno":13,"logger":"py.warnings"}
{"timestamp":"2025-10-03T03:32:31.258716Z","level":"info","event":"Filling up the DagBag from /opt/airflow/dags/1and16everymonth.py","logger":"airflow.models.dagbag.DagBag","filename":"dagbag.py","lineno":593}
{"timestamp":"2025-10-03T03:32:31.284105Z","level":"warning","event":"The `airflow.operators.python.PythonOperator` attribute is deprecated. Please use `'airflow.providers.standard.operators.python.PythonOperator'`.","category":"DeprecatedImportWarning","filename":"/opt/airflow/dags/1and16everymonth.py","lineno":4,"logger":"py.warnings"}
{"timestamp":"2025-10-03T03:32:31.284313Z","level":"warning","event":"The `airflow.operators.bash.BashOperator` attribute is deprecated. Please use `'airflow.providers.standard.operators.bash.BashOperator'`.","category":"DeprecatedImportWarning","filename":"/opt/airflow/dags/1and16everymonth.py","lineno":5,"logger":"py.warnings"}
{"timestamp":"2025-10-03T03:32:31.284458Z","level":"warning","event":"The `airflow.utils.timezone.datetime` attribute is deprecated. Please use `'airflow.sdk.timezone.datetime'`.","category":"DeprecatedImportWarning","filename":"/opt/airflow/dags/1and16everymonth.py","lineno":13,"logger":"py.warnings"}
{"timestamp":"2025-10-03T03:33:01.766703Z","level":"info","event":"Filling up the DagBag from /opt/airflow/dags/1and16everymonth.py","logger":"airflow.models.dagbag.DagBag","filename":"dagbag.py","lineno":593}
{"timestamp":"2025-10-03T03:33:01.790118Z","level":"warning","event":"The `airflow.operators.python.PythonOperator` attribute is deprecated. Please use `'airflow.providers.standard.operators.python.PythonOperator'`.","category":"DeprecatedImportWarning","filename":"/opt/airflow/dags/1and16everymonth.py","lineno":4,"logger":"py.warnings"}
{"timestamp":"2025-10-03T03:33:01.790326Z","level":"warning","event":"The `airflow.operators.bash.BashOperator` attribute is deprecated. Please use `'airflow.providers.standard.operators.bash.BashOperator'`.","category":"DeprecatedImportWarning","filename":"/opt/airflow/dags/1and16everymonth.py","lineno":5,"logger":"py.warnings"}
{"timestamp":"2025-10-03T03:33:01.790469Z","level":"warning","event":"The `airflow.utils.timezone.datetime` attribute is deprecated. Please use `'airflow.sdk.timezone.datetime'`.","category":"DeprecatedImportWarning","filename":"/opt/airflow/dags/1and16everymonth.py","lineno":13,"logger":"py.warnings"}
{"timestamp":"2025-10-03T03:33:32.524892Z","level":"info","event":"Filling up the DagBag from /opt/airflow/dags/1and16everymonth.py","logger":"airflow.models.dagbag.DagBag","filename":"dagbag.py","lineno":593}
{"timestamp":"2025-10-03T03:33:32.535597Z","level":"warning","event":"The `airflow.operators.python.PythonOperator` attribute is deprecated. Please use `'airflow.providers.standard.operators.python.PythonOperator'`.","category":"DeprecatedImportWarning","filename":"/opt/airflow/dags/1and16everymonth.py","lineno":4,"logger":"py.warnings"}
{"timestamp":"2025-10-03T03:33:32.535787Z","level":"warning","event":"The `airflow.operators.bash.BashOperator` attribute is deprecated. Please use `'airflow.providers.standard.operators.bash.BashOperator'`.","category":"DeprecatedImportWarning","filename":"/opt/airflow/dags/1and16everymonth.py","lineno":5,"logger":"py.warnings"}
{"timestamp":"2025-10-03T03:33:32.535924Z","level":"warning","event":"The `airflow.utils.timezone.datetime` attribute is deprecated. Please use `'airflow.sdk.timezone.datetime'`.","category":"DeprecatedImportWarning","filename":"/opt/airflow/dags/1and16everymonth.py","lineno":13,"logger":"py.warnings"}
{"timestamp":"2025-10-03T03:34:02.901253Z","level":"info","event":"Filling up the DagBag from /opt/airflow/dags/1and16everymonth.py","logger":"airflow.models.dagbag.DagBag","filename":"dagbag.py","lineno":593}
{"timestamp":"2025-10-03T03:34:02.945450Z","level":"warning","event":"The `airflow.operators.python.PythonOperator` attribute is deprecated. Please use `'airflow.providers.standard.operators.python.PythonOperator'`.","category":"DeprecatedImportWarning","filename":"/opt/airflow/dags/1and16everymonth.py","lineno":4,"logger":"py.warnings"}
{"timestamp":"2025-10-03T03:34:02.945635Z","level":"warning","event":"The `airflow.operators.bash.BashOperator` attribute is deprecated. Please use `'airflow.providers.standard.operators.bash.BashOperator'`.","category":"DeprecatedImportWarning","filename":"/opt/airflow/dags/1and16everymonth.py","lineno":5,"logger":"py.warnings"}
{"timestamp":"2025-10-03T03:34:02.945794Z","level":"warning","event":"The `airflow.utils.timezone.datetime` attribute is deprecated. Please use `'airflow.sdk.timezone.datetime'`.","category":"DeprecatedImportWarning","filename":"/opt/airflow/dags/1and16everymonth.py","lineno":13,"logger":"py.warnings"}
{"timestamp":"2025-10-03T03:34:33.617124Z","level":"info","event":"Filling up the DagBag from /opt/airflow/dags/1and16everymonth.py","logger":"airflow.models.dagbag.DagBag","filename":"dagbag.py","lineno":593}
{"timestamp":"2025-10-03T03:34:33.625277Z","level":"warning","event":"The `airflow.operators.python.PythonOperator` attribute is deprecated. Please use `'airflow.providers.standard.operators.python.PythonOperator'`.","category":"DeprecatedImportWarning","filename":"/opt/airflow/dags/1and16everymonth.py","lineno":4,"logger":"py.warnings"}
{"timestamp":"2025-10-03T03:34:33.625427Z","level":"warning","event":"The `airflow.operators.bash.BashOperator` attribute is deprecated. Please use `'airflow.providers.standard.operators.bash.BashOperator'`.","category":"DeprecatedImportWarning","filename":"/opt/airflow/dags/1and16everymonth.py","lineno":5,"logger":"py.warnings"}
{"timestamp":"2025-10-03T03:34:33.625545Z","level":"warning","event":"The `airflow.utils.timezone.datetime` attribute is deprecated. Please use `'airflow.sdk.timezone.datetime'`.","category":"DeprecatedImportWarning","filename":"/opt/airflow/dags/1and16everymonth.py","lineno":13,"logger":"py.warnings"}
{"timestamp":"2025-10-03T03:35:04.421558Z","level":"info","event":"Filling up the DagBag from /opt/airflow/dags/1and16everymonth.py","logger":"airflow.models.dagbag.DagBag","filename":"dagbag.py","lineno":593}
{"timestamp":"2025-10-03T03:35:04.431060Z","level":"warning","event":"The `airflow.operators.python.PythonOperator` attribute is deprecated. Please use `'airflow.providers.standard.operators.python.PythonOperator'`.","category":"DeprecatedImportWarning","filename":"/opt/airflow/dags/1and16everymonth.py","lineno":4,"logger":"py.warnings"}
{"timestamp":"2025-10-03T03:35:04.431207Z","level":"warning","event":"The `airflow.operators.bash.BashOperator` attribute is deprecated. Please use `'airflow.providers.standard.operators.bash.BashOperator'`.","category":"DeprecatedImportWarning","filename":"/opt/airflow/dags/1and16everymonth.py","lineno":5,"logger":"py.warnings"}
{"timestamp":"2025-10-03T03:35:04.431320Z","level":"warning","event":"The `airflow.utils.timezone.datetime` attribute is deprecated. Please use `'airflow.sdk.timezone.datetime'`.","category":"DeprecatedImportWarning","filename":"/opt/airflow/dags/1and16everymonth.py","lineno":13,"logger":"py.warnings"}
{"timestamp":"2025-10-03T03:35:35.400797Z","level":"info","event":"Filling up the DagBag from /opt/airflow/dags/1and16everymonth.py","logger":"airflow.models.dagbag.DagBag","filename":"dagbag.py","lineno":593}
{"timestamp":"2025-10-03T03:35:35.410760Z","level":"warning","event":"The `airflow.operators.python.PythonOperator` attribute is deprecated. Please use `'airflow.providers.standard.operators.python.PythonOperator'`.","category":"DeprecatedImportWarning","filename":"/opt/airflow/dags/1and16everymonth.py","lineno":4,"logger":"py.warnings"}
{"timestamp":"2025-10-03T03:35:35.411719Z","level":"warning","event":"The `airflow.operators.bash.BashOperator` attribute is deprecated. Please use `'airflow.providers.standard.operators.bash.BashOperator'`.","category":"DeprecatedImportWarning","filename":"/opt/airflow/dags/1and16everymonth.py","lineno":5,"logger":"py.warnings"}
{"timestamp":"2025-10-03T03:35:35.411862Z","level":"warning","event":"The `airflow.utils.timezone.datetime` attribute is deprecated. Please use `'airflow.sdk.timezone.datetime'`.","category":"DeprecatedImportWarning","filename":"/opt/airflow/dags/1and16everymonth.py","lineno":13,"logger":"py.warnings"}
{"timestamp":"2025-10-03T03:36:06.248953Z","level":"info","event":"Filling up the DagBag from /opt/airflow/dags/1and16everymonth.py","logger":"airflow.models.dagbag.DagBag","filename":"dagbag.py","lineno":593}
{"timestamp":"2025-10-03T03:36:06.264347Z","level":"warning","event":"The `airflow.operators.python.PythonOperator` attribute is deprecated. Please use `'airflow.providers.standard.operators.python.PythonOperator'`.","category":"DeprecatedImportWarning","filename":"/opt/airflow/dags/1and16everymonth.py","lineno":4,"logger":"py.warnings"}
{"timestamp":"2025-10-03T03:36:06.264517Z","level":"warning","event":"The `airflow.operators.bash.BashOperator` attribute is deprecated. Please use `'airflow.providers.standard.operators.bash.BashOperator'`.","category":"DeprecatedImportWarning","filename":"/opt/airflow/dags/1and16everymonth.py","lineno":5,"logger":"py.warnings"}
{"timestamp":"2025-10-03T03:36:06.264613Z","level":"warning","event":"The `airflow.utils.timezone.datetime` attribute is deprecated. Please use `'airflow.sdk.timezone.datetime'`.","category":"DeprecatedImportWarning","filename":"/opt/airflow/dags/1and16everymonth.py","lineno":13,"logger":"py.warnings"}
{"timestamp":"2025-10-03T03:36:37.215472Z","level":"info","event":"Filling up the DagBag from /opt/airflow/dags/1and16everymonth.py","logger":"airflow.models.dagbag.DagBag","filename":"dagbag.py","lineno":593}
{"timestamp":"2025-10-03T03:36:37.236710Z","level":"warning","event":"The `airflow.operators.python.PythonOperator` attribute is deprecated. Please use `'airflow.providers.standard.operators.python.PythonOperator'`.","category":"DeprecatedImportWarning","filename":"/opt/airflow/dags/1and16everymonth.py","lineno":4,"logger":"py.warnings"}
{"timestamp":"2025-10-03T03:36:37.236900Z","level":"warning","event":"The `airflow.operators.bash.BashOperator` attribute is deprecated. Please use `'airflow.providers.standard.operators.bash.BashOperator'`.","category":"DeprecatedImportWarning","filename":"/opt/airflow/dags/1and16everymonth.py","lineno":5,"logger":"py.warnings"}
{"timestamp":"2025-10-03T03:36:37.237038Z","level":"warning","event":"The `airflow.utils.timezone.datetime` attribute is deprecated. Please use `'airflow.sdk.timezone.datetime'`.","category":"DeprecatedImportWarning","filename":"/opt/airflow/dags/1and16everymonth.py","lineno":13,"logger":"py.warnings"}
{"timestamp":"2025-10-03T03:37:07.361065Z","level":"info","event":"Filling up the DagBag from /opt/airflow/dags/1and16everymonth.py","logger":"airflow.models.dagbag.DagBag","filename":"dagbag.py","lineno":593}
{"timestamp":"2025-10-03T03:37:07.370768Z","level":"warning","event":"The `airflow.operators.python.PythonOperator` attribute is deprecated. Please use `'airflow.providers.standard.operators.python.PythonOperator'`.","category":"DeprecatedImportWarning","filename":"/opt/airflow/dags/1and16everymonth.py","lineno":4,"logger":"py.warnings"}
{"timestamp":"2025-10-03T03:37:07.370912Z","level":"warning","event":"The `airflow.operators.bash.BashOperator` attribute is deprecated. Please use `'airflow.providers.standard.operators.bash.BashOperator'`.","category":"DeprecatedImportWarning","filename":"/opt/airflow/dags/1and16everymonth.py","lineno":5,"logger":"py.warnings"}
{"timestamp":"2025-10-03T03:37:07.371028Z","level":"warning","event":"The `airflow.utils.timezone.datetime` attribute is deprecated. Please use `'airflow.sdk.timezone.datetime'`.","category":"DeprecatedImportWarning","filename":"/opt/airflow/dags/1and16everymonth.py","lineno":13,"logger":"py.warnings"}
{"timestamp":"2025-10-03T03:37:37.488137Z","level":"info","event":"Filling up the DagBag from /opt/airflow/dags/1and16everymonth.py","logger":"airflow.models.dagbag.DagBag","filename":"dagbag.py","lineno":593}
{"timestamp":"2025-10-03T03:37:37.497722Z","level":"warning","event":"The `airflow.operators.python.PythonOperator` attribute is deprecated. Please use `'airflow.providers.standard.operators.python.PythonOperator'`.","category":"DeprecatedImportWarning","filename":"/opt/airflow/dags/1and16everymonth.py","lineno":4,"logger":"py.warnings"}
{"timestamp":"2025-10-03T03:37:37.497872Z","level":"warning","event":"The `airflow.operators.bash.BashOperator` attribute is deprecated. Please use `'airflow.providers.standard.operators.bash.BashOperator'`.","category":"DeprecatedImportWarning","filename":"/opt/airflow/dags/1and16everymonth.py","lineno":5,"logger":"py.warnings"}
{"timestamp":"2025-10-03T03:37:37.497986Z","level":"warning","event":"The `airflow.utils.timezone.datetime` attribute is deprecated. Please use `'airflow.sdk.timezone.datetime'`.","category":"DeprecatedImportWarning","filename":"/opt/airflow/dags/1and16everymonth.py","lineno":13,"logger":"py.warnings"}
{"timestamp":"2025-10-03T03:38:07.670852Z","level":"info","event":"Filling up the DagBag from /opt/airflow/dags/1and16everymonth.py","logger":"airflow.models.dagbag.DagBag","filename":"dagbag.py","lineno":593}
{"timestamp":"2025-10-03T03:38:07.678895Z","level":"warning","event":"The `airflow.operators.python.PythonOperator` attribute is deprecated. Please use `'airflow.providers.standard.operators.python.PythonOperator'`.","category":"DeprecatedImportWarning","filename":"/opt/airflow/dags/1and16everymonth.py","lineno":4,"logger":"py.warnings"}
{"timestamp":"2025-10-03T03:38:07.679036Z","level":"warning","event":"The `airflow.operators.bash.BashOperator` attribute is deprecated. Please use `'airflow.providers.standard.operators.bash.BashOperator'`.","category":"DeprecatedImportWarning","filename":"/opt/airflow/dags/1and16everymonth.py","lineno":5,"logger":"py.warnings"}
{"timestamp":"2025-10-03T03:38:07.679150Z","level":"warning","event":"The `airflow.utils.timezone.datetime` attribute is deprecated. Please use `'airflow.sdk.timezone.datetime'`.","category":"DeprecatedImportWarning","filename":"/opt/airflow/dags/1and16everymonth.py","lineno":13,"logger":"py.warnings"}
{"timestamp":"2025-10-03T03:38:37.748331Z","level":"info","event":"Filling up the DagBag from /opt/airflow/dags/1and16everymonth.py","logger":"airflow.models.dagbag.DagBag","filename":"dagbag.py","lineno":593}
{"timestamp":"2025-10-03T03:38:37.757038Z","level":"warning","event":"The `airflow.operators.python.PythonOperator` attribute is deprecated. Please use `'airflow.providers.standard.operators.python.PythonOperator'`.","category":"DeprecatedImportWarning","filename":"/opt/airflow/dags/1and16everymonth.py","lineno":4,"logger":"py.warnings"}
{"timestamp":"2025-10-03T03:38:37.757235Z","level":"warning","event":"The `airflow.operators.bash.BashOperator` attribute is deprecated. Please use `'airflow.providers.standard.operators.bash.BashOperator'`.","category":"DeprecatedImportWarning","filename":"/opt/airflow/dags/1and16everymonth.py","lineno":5,"logger":"py.warnings"}
{"timestamp":"2025-10-03T03:38:37.757374Z","level":"warning","event":"The `airflow.utils.timezone.datetime` attribute is deprecated. Please use `'airflow.sdk.timezone.datetime'`.","category":"DeprecatedImportWarning","filename":"/opt/airflow/dags/1and16everymonth.py","lineno":13,"logger":"py.warnings"}
{"timestamp":"2025-10-03T03:39:08.164737Z","level":"info","event":"Filling up the DagBag from /opt/airflow/dags/1and16everymonth.py","logger":"airflow.models.dagbag.DagBag","filename":"dagbag.py","lineno":593}
{"timestamp":"2025-10-03T03:39:08.177768Z","level":"warning","event":"The `airflow.operators.python.PythonOperator` attribute is deprecated. Please use `'airflow.providers.standard.operators.python.PythonOperator'`.","category":"DeprecatedImportWarning","filename":"/opt/airflow/dags/1and16everymonth.py","lineno":4,"logger":"py.warnings"}
{"timestamp":"2025-10-03T03:39:08.177950Z","level":"warning","event":"The `airflow.operators.bash.BashOperator` attribute is deprecated. Please use `'airflow.providers.standard.operators.bash.BashOperator'`.","category":"DeprecatedImportWarning","filename":"/opt/airflow/dags/1and16everymonth.py","lineno":5,"logger":"py.warnings"}
{"timestamp":"2025-10-03T03:39:08.178067Z","level":"warning","event":"The `airflow.utils.timezone.datetime` attribute is deprecated. Please use `'airflow.sdk.timezone.datetime'`.","category":"DeprecatedImportWarning","filename":"/opt/airflow/dags/1and16everymonth.py","lineno":13,"logger":"py.warnings"}
{"timestamp":"2025-10-03T03:39:39.002479Z","level":"info","event":"Filling up the DagBag from /opt/airflow/dags/1and16everymonth.py","logger":"airflow.models.dagbag.DagBag","filename":"dagbag.py","lineno":593}
{"timestamp":"2025-10-03T03:39:39.010908Z","level":"warning","event":"The `airflow.operators.python.PythonOperator` attribute is deprecated. Please use `'airflow.providers.standard.operators.python.PythonOperator'`.","category":"DeprecatedImportWarning","filename":"/opt/airflow/dags/1and16everymonth.py","lineno":4,"logger":"py.warnings"}
{"timestamp":"2025-10-03T03:39:39.011054Z","level":"warning","event":"The `airflow.operators.bash.BashOperator` attribute is deprecated. Please use `'airflow.providers.standard.operators.bash.BashOperator'`.","category":"DeprecatedImportWarning","filename":"/opt/airflow/dags/1and16everymonth.py","lineno":5,"logger":"py.warnings"}
{"timestamp":"2025-10-03T03:39:39.011170Z","level":"warning","event":"The `airflow.utils.timezone.datetime` attribute is deprecated. Please use `'airflow.sdk.timezone.datetime'`.","category":"DeprecatedImportWarning","filename":"/opt/airflow/dags/1and16everymonth.py","lineno":13,"logger":"py.warnings"}
{"timestamp":"2025-10-03T03:40:09.747809Z","level":"info","event":"Filling up the DagBag from /opt/airflow/dags/1and16everymonth.py","logger":"airflow.models.dagbag.DagBag","filename":"dagbag.py","lineno":593}
{"timestamp":"2025-10-03T03:40:09.756029Z","level":"warning","event":"The `airflow.operators.python.PythonOperator` attribute is deprecated. Please use `'airflow.providers.standard.operators.python.PythonOperator'`.","category":"DeprecatedImportWarning","filename":"/opt/airflow/dags/1and16everymonth.py","lineno":4,"logger":"py.warnings"}
{"timestamp":"2025-10-03T03:40:09.756190Z","level":"warning","event":"The `airflow.operators.bash.BashOperator` attribute is deprecated. Please use `'airflow.providers.standard.operators.bash.BashOperator'`.","category":"DeprecatedImportWarning","filename":"/opt/airflow/dags/1and16everymonth.py","lineno":5,"logger":"py.warnings"}
{"timestamp":"2025-10-03T03:40:09.756312Z","level":"warning","event":"The `airflow.utils.timezone.datetime` attribute is deprecated. Please use `'airflow.sdk.timezone.datetime'`.","category":"DeprecatedImportWarning","filename":"/opt/airflow/dags/1and16everymonth.py","lineno":13,"logger":"py.warnings"}
{"timestamp":"2025-10-03T03:40:40.065062Z","level":"info","event":"Filling up the DagBag from /opt/airflow/dags/1and16everymonth.py","logger":"airflow.models.dagbag.DagBag","filename":"dagbag.py","lineno":593}
{"timestamp":"2025-10-03T03:40:40.082265Z","level":"warning","event":"The `airflow.operators.python.PythonOperator` attribute is deprecated. Please use `'airflow.providers.standard.operators.python.PythonOperator'`.","category":"DeprecatedImportWarning","filename":"/opt/airflow/dags/1and16everymonth.py","lineno":4,"logger":"py.warnings"}
{"timestamp":"2025-10-03T03:40:40.082776Z","level":"warning","event":"The `airflow.operators.bash.BashOperator` attribute is deprecated. Please use `'airflow.providers.standard.operators.bash.BashOperator'`.","category":"DeprecatedImportWarning","filename":"/opt/airflow/dags/1and16everymonth.py","lineno":5,"logger":"py.warnings"}
{"timestamp":"2025-10-03T03:40:40.082909Z","level":"warning","event":"The `airflow.utils.timezone.datetime` attribute is deprecated. Please use `'airflow.sdk.timezone.datetime'`.","category":"DeprecatedImportWarning","filename":"/opt/airflow/dags/1and16everymonth.py","lineno":13,"logger":"py.warnings"}
{"timestamp":"2025-10-03T03:41:10.381256Z","level":"info","event":"Filling up the DagBag from /opt/airflow/dags/1and16everymonth.py","logger":"airflow.models.dagbag.DagBag","filename":"dagbag.py","lineno":593}
{"timestamp":"2025-10-03T03:41:10.394276Z","level":"warning","event":"The `airflow.operators.python.PythonOperator` attribute is deprecated. Please use `'airflow.providers.standard.operators.python.PythonOperator'`.","category":"DeprecatedImportWarning","filename":"/opt/airflow/dags/1and16everymonth.py","lineno":4,"logger":"py.warnings"}
{"timestamp":"2025-10-03T03:41:10.394734Z","level":"warning","event":"The `airflow.operators.bash.BashOperator` attribute is deprecated. Please use `'airflow.providers.standard.operators.bash.BashOperator'`.","category":"DeprecatedImportWarning","filename":"/opt/airflow/dags/1and16everymonth.py","lineno":5,"logger":"py.warnings"}
{"timestamp":"2025-10-03T03:41:10.394888Z","level":"warning","event":"The `airflow.utils.timezone.datetime` attribute is deprecated. Please use `'airflow.sdk.timezone.datetime'`.","category":"DeprecatedImportWarning","filename":"/opt/airflow/dags/1and16everymonth.py","lineno":13,"logger":"py.warnings"}
{"timestamp":"2025-10-03T03:41:41.443485Z","level":"info","event":"Filling up the DagBag from /opt/airflow/dags/1and16everymonth.py","logger":"airflow.models.dagbag.DagBag","filename":"dagbag.py","lineno":593}
{"timestamp":"2025-10-03T03:41:41.457436Z","level":"warning","event":"The `airflow.operators.python.PythonOperator` attribute is deprecated. Please use `'airflow.providers.standard.operators.python.PythonOperator'`.","category":"DeprecatedImportWarning","filename":"/opt/airflow/dags/1and16everymonth.py","lineno":4,"logger":"py.warnings"}
{"timestamp":"2025-10-03T03:41:41.457589Z","level":"warning","event":"The `airflow.operators.bash.BashOperator` attribute is deprecated. Please use `'airflow.providers.standard.operators.bash.BashOperator'`.","category":"DeprecatedImportWarning","filename":"/opt/airflow/dags/1and16everymonth.py","lineno":5,"logger":"py.warnings"}
{"timestamp":"2025-10-03T03:41:41.457731Z","level":"warning","event":"The `airflow.utils.timezone.datetime` attribute is deprecated. Please use `'airflow.sdk.timezone.datetime'`.","category":"DeprecatedImportWarning","filename":"/opt/airflow/dags/1and16everymonth.py","lineno":13,"logger":"py.warnings"}
{"timestamp":"2025-10-03T03:42:11.816161Z","level":"info","event":"Filling up the DagBag from /opt/airflow/dags/1and16everymonth.py","logger":"airflow.models.dagbag.DagBag","filename":"dagbag.py","lineno":593}
{"timestamp":"2025-10-03T03:42:11.826833Z","level":"warning","event":"The `airflow.operators.python.PythonOperator` attribute is deprecated. Please use `'airflow.providers.standard.operators.python.PythonOperator'`.","category":"DeprecatedImportWarning","filename":"/opt/airflow/dags/1and16everymonth.py","lineno":4,"logger":"py.warnings"}
{"timestamp":"2025-10-03T03:42:11.827013Z","level":"warning","event":"The `airflow.operators.bash.BashOperator` attribute is deprecated. Please use `'airflow.providers.standard.operators.bash.BashOperator'`.","category":"DeprecatedImportWarning","filename":"/opt/airflow/dags/1and16everymonth.py","lineno":5,"logger":"py.warnings"}
{"timestamp":"2025-10-03T03:42:11.827158Z","level":"warning","event":"The `airflow.utils.timezone.datetime` attribute is deprecated. Please use `'airflow.sdk.timezone.datetime'`.","category":"DeprecatedImportWarning","filename":"/opt/airflow/dags/1and16everymonth.py","lineno":13,"logger":"py.warnings"}
{"timestamp":"2025-10-03T03:42:42.522136Z","level":"info","event":"Filling up the DagBag from /opt/airflow/dags/1and16everymonth.py","logger":"airflow.models.dagbag.DagBag","filename":"dagbag.py","lineno":593}
{"timestamp":"2025-10-03T03:42:42.532319Z","level":"warning","event":"The `airflow.operators.python.PythonOperator` attribute is deprecated. Please use `'airflow.providers.standard.operators.python.PythonOperator'`.","category":"DeprecatedImportWarning","filename":"/opt/airflow/dags/1and16everymonth.py","lineno":4,"logger":"py.warnings"}
{"timestamp":"2025-10-03T03:42:42.532474Z","level":"warning","event":"The `airflow.operators.bash.BashOperator` attribute is deprecated. Please use `'airflow.providers.standard.operators.bash.BashOperator'`.","category":"DeprecatedImportWarning","filename":"/opt/airflow/dags/1and16everymonth.py","lineno":5,"logger":"py.warnings"}
{"timestamp":"2025-10-03T03:42:42.532594Z","level":"warning","event":"The `airflow.utils.timezone.datetime` attribute is deprecated. Please use `'airflow.sdk.timezone.datetime'`.","category":"DeprecatedImportWarning","filename":"/opt/airflow/dags/1and16everymonth.py","lineno":13,"logger":"py.warnings"}
{"timestamp":"2025-10-03T03:43:12.904237Z","level":"info","event":"Filling up the DagBag from /opt/airflow/dags/1and16everymonth.py","logger":"airflow.models.dagbag.DagBag","filename":"dagbag.py","lineno":593}
{"timestamp":"2025-10-03T03:43:12.913632Z","level":"warning","event":"The `airflow.operators.python.PythonOperator` attribute is deprecated. Please use `'airflow.providers.standard.operators.python.PythonOperator'`.","category":"DeprecatedImportWarning","filename":"/opt/airflow/dags/1and16everymonth.py","lineno":4,"logger":"py.warnings"}
{"timestamp":"2025-10-03T03:43:12.913822Z","level":"warning","event":"The `airflow.operators.bash.BashOperator` attribute is deprecated. Please use `'airflow.providers.standard.operators.bash.BashOperator'`.","category":"DeprecatedImportWarning","filename":"/opt/airflow/dags/1and16everymonth.py","lineno":5,"logger":"py.warnings"}
{"timestamp":"2025-10-03T03:43:12.913942Z","level":"warning","event":"The `airflow.utils.timezone.datetime` attribute is deprecated. Please use `'airflow.sdk.timezone.datetime'`.","category":"DeprecatedImportWarning","filename":"/opt/airflow/dags/1and16everymonth.py","lineno":13,"logger":"py.warnings"}
{"timestamp":"2025-10-03T03:43:43.115609Z","level":"info","event":"Filling up the DagBag from /opt/airflow/dags/1and16everymonth.py","logger":"airflow.models.dagbag.DagBag","filename":"dagbag.py","lineno":593}
{"timestamp":"2025-10-03T03:43:43.128824Z","level":"warning","event":"The `airflow.operators.python.PythonOperator` attribute is deprecated. Please use `'airflow.providers.standard.operators.python.PythonOperator'`.","category":"DeprecatedImportWarning","filename":"/opt/airflow/dags/1and16everymonth.py","lineno":4,"logger":"py.warnings"}
{"timestamp":"2025-10-03T03:43:43.128964Z","level":"warning","event":"The `airflow.operators.bash.BashOperator` attribute is deprecated. Please use `'airflow.providers.standard.operators.bash.BashOperator'`.","category":"DeprecatedImportWarning","filename":"/opt/airflow/dags/1and16everymonth.py","lineno":5,"logger":"py.warnings"}
{"timestamp":"2025-10-03T03:43:43.129058Z","level":"warning","event":"The `airflow.utils.timezone.datetime` attribute is deprecated. Please use `'airflow.sdk.timezone.datetime'`.","category":"DeprecatedImportWarning","filename":"/opt/airflow/dags/1and16everymonth.py","lineno":13,"logger":"py.warnings"}
{"timestamp":"2025-10-03T03:44:13.197455Z","level":"info","event":"Filling up the DagBag from /opt/airflow/dags/1and16everymonth.py","logger":"airflow.models.dagbag.DagBag","filename":"dagbag.py","lineno":593}
{"timestamp":"2025-10-03T03:44:13.207569Z","level":"warning","event":"The `airflow.operators.python.PythonOperator` attribute is deprecated. Please use `'airflow.providers.standard.operators.python.PythonOperator'`.","category":"DeprecatedImportWarning","filename":"/opt/airflow/dags/1and16everymonth.py","lineno":4,"logger":"py.warnings"}
{"timestamp":"2025-10-03T03:44:13.207764Z","level":"warning","event":"The `airflow.operators.bash.BashOperator` attribute is deprecated. Please use `'airflow.providers.standard.operators.bash.BashOperator'`.","category":"DeprecatedImportWarning","filename":"/opt/airflow/dags/1and16everymonth.py","lineno":5,"logger":"py.warnings"}
{"timestamp":"2025-10-03T03:44:13.207888Z","level":"warning","event":"The `airflow.utils.timezone.datetime` attribute is deprecated. Please use `'airflow.sdk.timezone.datetime'`.","category":"DeprecatedImportWarning","filename":"/opt/airflow/dags/1and16everymonth.py","lineno":13,"logger":"py.warnings"}
{"timestamp":"2025-10-03T03:44:43.678829Z","level":"info","event":"Filling up the DagBag from /opt/airflow/dags/1and16everymonth.py","logger":"airflow.models.dagbag.DagBag","filename":"dagbag.py","lineno":593}
{"timestamp":"2025-10-03T03:44:43.700144Z","level":"warning","event":"The `airflow.operators.python.PythonOperator` attribute is deprecated. Please use `'airflow.providers.standard.operators.python.PythonOperator'`.","category":"DeprecatedImportWarning","filename":"/opt/airflow/dags/1and16everymonth.py","lineno":4,"logger":"py.warnings"}
{"timestamp":"2025-10-03T03:44:43.700305Z","level":"warning","event":"The `airflow.operators.bash.BashOperator` attribute is deprecated. Please use `'airflow.providers.standard.operators.bash.BashOperator'`.","category":"DeprecatedImportWarning","filename":"/opt/airflow/dags/1and16everymonth.py","lineno":5,"logger":"py.warnings"}
{"timestamp":"2025-10-03T03:44:43.700442Z","level":"warning","event":"The `airflow.utils.timezone.datetime` attribute is deprecated. Please use `'airflow.sdk.timezone.datetime'`.","category":"DeprecatedImportWarning","filename":"/opt/airflow/dags/1and16everymonth.py","lineno":13,"logger":"py.warnings"}
{"timestamp":"2025-10-03T03:45:14.526578Z","level":"info","event":"Filling up the DagBag from /opt/airflow/dags/1and16everymonth.py","logger":"airflow.models.dagbag.DagBag","filename":"dagbag.py","lineno":593}
{"timestamp":"2025-10-03T03:45:14.535795Z","level":"warning","event":"The `airflow.operators.python.PythonOperator` attribute is deprecated. Please use `'airflow.providers.standard.operators.python.PythonOperator'`.","category":"DeprecatedImportWarning","filename":"/opt/airflow/dags/1and16everymonth.py","lineno":4,"logger":"py.warnings"}
{"timestamp":"2025-10-03T03:45:14.535952Z","level":"warning","event":"The `airflow.operators.bash.BashOperator` attribute is deprecated. Please use `'airflow.providers.standard.operators.bash.BashOperator'`.","category":"DeprecatedImportWarning","filename":"/opt/airflow/dags/1and16everymonth.py","lineno":5,"logger":"py.warnings"}
{"timestamp":"2025-10-03T03:45:14.536064Z","level":"warning","event":"The `airflow.utils.timezone.datetime` attribute is deprecated. Please use `'airflow.sdk.timezone.datetime'`.","category":"DeprecatedImportWarning","filename":"/opt/airflow/dags/1and16everymonth.py","lineno":13,"logger":"py.warnings"}
{"timestamp":"2025-10-03T03:45:45.384344Z","level":"info","event":"Filling up the DagBag from /opt/airflow/dags/1and16everymonth.py","logger":"airflow.models.dagbag.DagBag","filename":"dagbag.py","lineno":593}
{"timestamp":"2025-10-03T03:45:45.407721Z","level":"warning","event":"The `airflow.operators.python.PythonOperator` attribute is deprecated. Please use `'airflow.providers.standard.operators.python.PythonOperator'`.","category":"DeprecatedImportWarning","filename":"/opt/airflow/dags/1and16everymonth.py","lineno":4,"logger":"py.warnings"}
{"timestamp":"2025-10-03T03:45:45.407919Z","level":"warning","event":"The `airflow.operators.bash.BashOperator` attribute is deprecated. Please use `'airflow.providers.standard.operators.bash.BashOperator'`.","category":"DeprecatedImportWarning","filename":"/opt/airflow/dags/1and16everymonth.py","lineno":5,"logger":"py.warnings"}
{"timestamp":"2025-10-03T03:45:45.408061Z","level":"warning","event":"The `airflow.utils.timezone.datetime` attribute is deprecated. Please use `'airflow.sdk.timezone.datetime'`.","category":"DeprecatedImportWarning","filename":"/opt/airflow/dags/1and16everymonth.py","lineno":13,"logger":"py.warnings"}
{"timestamp":"2025-10-03T03:46:16.288198Z","level":"info","event":"Filling up the DagBag from /opt/airflow/dags/1and16everymonth.py","logger":"airflow.models.dagbag.DagBag","filename":"dagbag.py","lineno":593}
{"timestamp":"2025-10-03T03:46:16.308989Z","level":"warning","event":"The `airflow.operators.python.PythonOperator` attribute is deprecated. Please use `'airflow.providers.standard.operators.python.PythonOperator'`.","category":"DeprecatedImportWarning","filename":"/opt/airflow/dags/1and16everymonth.py","lineno":4,"logger":"py.warnings"}
{"timestamp":"2025-10-03T03:46:16.309243Z","level":"warning","event":"The `airflow.operators.bash.BashOperator` attribute is deprecated. Please use `'airflow.providers.standard.operators.bash.BashOperator'`.","category":"DeprecatedImportWarning","filename":"/opt/airflow/dags/1and16everymonth.py","lineno":5,"logger":"py.warnings"}
{"timestamp":"2025-10-03T03:46:16.309389Z","level":"warning","event":"The `airflow.utils.timezone.datetime` attribute is deprecated. Please use `'airflow.sdk.timezone.datetime'`.","category":"DeprecatedImportWarning","filename":"/opt/airflow/dags/1and16everymonth.py","lineno":13,"logger":"py.warnings"}
{"timestamp":"2025-10-03T03:46:46.498843Z","level":"info","event":"Filling up the DagBag from /opt/airflow/dags/1and16everymonth.py","logger":"airflow.models.dagbag.DagBag","filename":"dagbag.py","lineno":593}
{"timestamp":"2025-10-03T03:46:46.520481Z","level":"warning","event":"The `airflow.operators.python.PythonOperator` attribute is deprecated. Please use `'airflow.providers.standard.operators.python.PythonOperator'`.","category":"DeprecatedImportWarning","filename":"/opt/airflow/dags/1and16everymonth.py","lineno":4,"logger":"py.warnings"}
{"timestamp":"2025-10-03T03:46:46.521737Z","level":"warning","event":"The `airflow.operators.bash.BashOperator` attribute is deprecated. Please use `'airflow.providers.standard.operators.bash.BashOperator'`.","category":"DeprecatedImportWarning","filename":"/opt/airflow/dags/1and16everymonth.py","lineno":5,"logger":"py.warnings"}
{"timestamp":"2025-10-03T03:46:46.521867Z","level":"warning","event":"The `airflow.utils.timezone.datetime` attribute is deprecated. Please use `'airflow.sdk.timezone.datetime'`.","category":"DeprecatedImportWarning","filename":"/opt/airflow/dags/1and16everymonth.py","lineno":13,"logger":"py.warnings"}
{"timestamp":"2025-10-03T03:47:17.238135Z","level":"info","event":"Filling up the DagBag from /opt/airflow/dags/1and16everymonth.py","logger":"airflow.models.dagbag.DagBag","filename":"dagbag.py","lineno":593}
{"timestamp":"2025-10-03T03:47:17.263335Z","level":"warning","event":"The `airflow.operators.python.PythonOperator` attribute is deprecated. Please use `'airflow.providers.standard.operators.python.PythonOperator'`.","category":"DeprecatedImportWarning","filename":"/opt/airflow/dags/1and16everymonth.py","lineno":4,"logger":"py.warnings"}
{"timestamp":"2025-10-03T03:47:17.263528Z","level":"warning","event":"The `airflow.operators.bash.BashOperator` attribute is deprecated. Please use `'airflow.providers.standard.operators.bash.BashOperator'`.","category":"DeprecatedImportWarning","filename":"/opt/airflow/dags/1and16everymonth.py","lineno":5,"logger":"py.warnings"}
{"timestamp":"2025-10-03T03:47:17.263652Z","level":"warning","event":"The `airflow.utils.timezone.datetime` attribute is deprecated. Please use `'airflow.sdk.timezone.datetime'`.","category":"DeprecatedImportWarning","filename":"/opt/airflow/dags/1and16everymonth.py","lineno":13,"logger":"py.warnings"}
{"timestamp":"2025-10-03T03:47:47.861440Z","level":"info","event":"Filling up the DagBag from /opt/airflow/dags/1and16everymonth.py","logger":"airflow.models.dagbag.DagBag","filename":"dagbag.py","lineno":593}
{"timestamp":"2025-10-03T03:47:47.878819Z","level":"warning","event":"The `airflow.operators.python.PythonOperator` attribute is deprecated. Please use `'airflow.providers.standard.operators.python.PythonOperator'`.","category":"DeprecatedImportWarning","filename":"/opt/airflow/dags/1and16everymonth.py","lineno":4,"logger":"py.warnings"}
{"timestamp":"2025-10-03T03:47:47.878997Z","level":"warning","event":"The `airflow.operators.bash.BashOperator` attribute is deprecated. Please use `'airflow.providers.standard.operators.bash.BashOperator'`.","category":"DeprecatedImportWarning","filename":"/opt/airflow/dags/1and16everymonth.py","lineno":5,"logger":"py.warnings"}
{"timestamp":"2025-10-03T03:47:47.879123Z","level":"warning","event":"The `airflow.utils.timezone.datetime` attribute is deprecated. Please use `'airflow.sdk.timezone.datetime'`.","category":"DeprecatedImportWarning","filename":"/opt/airflow/dags/1and16everymonth.py","lineno":13,"logger":"py.warnings"}
{"timestamp":"2025-10-03T03:48:18.099572Z","level":"info","event":"Filling up the DagBag from /opt/airflow/dags/1and16everymonth.py","logger":"airflow.models.dagbag.DagBag","filename":"dagbag.py","lineno":593}
{"timestamp":"2025-10-03T03:48:18.108295Z","level":"warning","event":"The `airflow.operators.python.PythonOperator` attribute is deprecated. Please use `'airflow.providers.standard.operators.python.PythonOperator'`.","category":"DeprecatedImportWarning","filename":"/opt/airflow/dags/1and16everymonth.py","lineno":4,"logger":"py.warnings"}
{"timestamp":"2025-10-03T03:48:18.108446Z","level":"warning","event":"The `airflow.operators.bash.BashOperator` attribute is deprecated. Please use `'airflow.providers.standard.operators.bash.BashOperator'`.","category":"DeprecatedImportWarning","filename":"/opt/airflow/dags/1and16everymonth.py","lineno":5,"logger":"py.warnings"}
{"timestamp":"2025-10-03T03:48:18.108560Z","level":"warning","event":"The `airflow.utils.timezone.datetime` attribute is deprecated. Please use `'airflow.sdk.timezone.datetime'`.","category":"DeprecatedImportWarning","filename":"/opt/airflow/dags/1and16everymonth.py","lineno":13,"logger":"py.warnings"}
{"timestamp":"2025-10-03T03:48:48.665288Z","level":"info","event":"Filling up the DagBag from /opt/airflow/dags/1and16everymonth.py","logger":"airflow.models.dagbag.DagBag","filename":"dagbag.py","lineno":593}
{"timestamp":"2025-10-03T03:48:48.673056Z","level":"warning","event":"The `airflow.operators.python.PythonOperator` attribute is deprecated. Please use `'airflow.providers.standard.operators.python.PythonOperator'`.","category":"DeprecatedImportWarning","filename":"/opt/airflow/dags/1and16everymonth.py","lineno":4,"logger":"py.warnings"}
{"timestamp":"2025-10-03T03:48:48.673199Z","level":"warning","event":"The `airflow.operators.bash.BashOperator` attribute is deprecated. Please use `'airflow.providers.standard.operators.bash.BashOperator'`.","category":"DeprecatedImportWarning","filename":"/opt/airflow/dags/1and16everymonth.py","lineno":5,"logger":"py.warnings"}
{"timestamp":"2025-10-03T03:48:48.673315Z","level":"warning","event":"The `airflow.utils.timezone.datetime` attribute is deprecated. Please use `'airflow.sdk.timezone.datetime'`.","category":"DeprecatedImportWarning","filename":"/opt/airflow/dags/1and16everymonth.py","lineno":13,"logger":"py.warnings"}
{"timestamp":"2025-10-03T03:49:19.513218Z","level":"info","event":"Filling up the DagBag from /opt/airflow/dags/1and16everymonth.py","logger":"airflow.models.dagbag.DagBag","filename":"dagbag.py","lineno":593}
{"timestamp":"2025-10-03T03:49:19.521982Z","level":"warning","event":"The `airflow.operators.python.PythonOperator` attribute is deprecated. Please use `'airflow.providers.standard.operators.python.PythonOperator'`.","category":"DeprecatedImportWarning","filename":"/opt/airflow/dags/1and16everymonth.py","lineno":4,"logger":"py.warnings"}
{"timestamp":"2025-10-03T03:49:19.522144Z","level":"warning","event":"The `airflow.operators.bash.BashOperator` attribute is deprecated. Please use `'airflow.providers.standard.operators.bash.BashOperator'`.","category":"DeprecatedImportWarning","filename":"/opt/airflow/dags/1and16everymonth.py","lineno":5,"logger":"py.warnings"}
{"timestamp":"2025-10-03T03:49:19.522262Z","level":"warning","event":"The `airflow.utils.timezone.datetime` attribute is deprecated. Please use `'airflow.sdk.timezone.datetime'`.","category":"DeprecatedImportWarning","filename":"/opt/airflow/dags/1and16everymonth.py","lineno":13,"logger":"py.warnings"}
{"timestamp":"2025-10-03T03:49:49.642827Z","level":"info","event":"Filling up the DagBag from /opt/airflow/dags/1and16everymonth.py","logger":"airflow.models.dagbag.DagBag","filename":"dagbag.py","lineno":593}
{"timestamp":"2025-10-03T03:49:49.653094Z","level":"warning","event":"The `airflow.operators.python.PythonOperator` attribute is deprecated. Please use `'airflow.providers.standard.operators.python.PythonOperator'`.","category":"DeprecatedImportWarning","filename":"/opt/airflow/dags/1and16everymonth.py","lineno":4,"logger":"py.warnings"}
{"timestamp":"2025-10-03T03:49:49.653250Z","level":"warning","event":"The `airflow.operators.bash.BashOperator` attribute is deprecated. Please use `'airflow.providers.standard.operators.bash.BashOperator'`.","category":"DeprecatedImportWarning","filename":"/opt/airflow/dags/1and16everymonth.py","lineno":5,"logger":"py.warnings"}
{"timestamp":"2025-10-03T03:49:49.653368Z","level":"warning","event":"The `airflow.utils.timezone.datetime` attribute is deprecated. Please use `'airflow.sdk.timezone.datetime'`.","category":"DeprecatedImportWarning","filename":"/opt/airflow/dags/1and16everymonth.py","lineno":13,"logger":"py.warnings"}
{"timestamp":"2025-10-03T03:50:20.588929Z","level":"info","event":"Filling up the DagBag from /opt/airflow/dags/1and16everymonth.py","logger":"airflow.models.dagbag.DagBag","filename":"dagbag.py","lineno":593}
{"timestamp":"2025-10-03T03:50:20.599029Z","level":"warning","event":"The `airflow.operators.python.PythonOperator` attribute is deprecated. Please use `'airflow.providers.standard.operators.python.PythonOperator'`.","category":"DeprecatedImportWarning","filename":"/opt/airflow/dags/1and16everymonth.py","lineno":4,"logger":"py.warnings"}
{"timestamp":"2025-10-03T03:50:20.599200Z","level":"warning","event":"The `airflow.operators.bash.BashOperator` attribute is deprecated. Please use `'airflow.providers.standard.operators.bash.BashOperator'`.","category":"DeprecatedImportWarning","filename":"/opt/airflow/dags/1and16everymonth.py","lineno":5,"logger":"py.warnings"}
{"timestamp":"2025-10-03T03:50:20.599313Z","level":"warning","event":"The `airflow.utils.timezone.datetime` attribute is deprecated. Please use `'airflow.sdk.timezone.datetime'`.","category":"DeprecatedImportWarning","filename":"/opt/airflow/dags/1and16everymonth.py","lineno":13,"logger":"py.warnings"}
{"timestamp":"2025-10-03T03:50:51.509699Z","level":"info","event":"Filling up the DagBag from /opt/airflow/dags/1and16everymonth.py","logger":"airflow.models.dagbag.DagBag","filename":"dagbag.py","lineno":593}
{"timestamp":"2025-10-03T03:50:51.520131Z","level":"warning","event":"The `airflow.operators.python.PythonOperator` attribute is deprecated. Please use `'airflow.providers.standard.operators.python.PythonOperator'`.","category":"DeprecatedImportWarning","filename":"/opt/airflow/dags/1and16everymonth.py","lineno":4,"logger":"py.warnings"}
{"timestamp":"2025-10-03T03:50:51.520303Z","level":"warning","event":"The `airflow.operators.bash.BashOperator` attribute is deprecated. Please use `'airflow.providers.standard.operators.bash.BashOperator'`.","category":"DeprecatedImportWarning","filename":"/opt/airflow/dags/1and16everymonth.py","lineno":5,"logger":"py.warnings"}
{"timestamp":"2025-10-03T03:50:51.520435Z","level":"warning","event":"The `airflow.utils.timezone.datetime` attribute is deprecated. Please use `'airflow.sdk.timezone.datetime'`.","category":"DeprecatedImportWarning","filename":"/opt/airflow/dags/1and16everymonth.py","lineno":13,"logger":"py.warnings"}
{"timestamp":"2025-10-03T03:51:22.546959Z","level":"info","event":"Filling up the DagBag from /opt/airflow/dags/1and16everymonth.py","logger":"airflow.models.dagbag.DagBag","filename":"dagbag.py","lineno":593}
{"timestamp":"2025-10-03T03:51:22.556026Z","level":"warning","event":"The `airflow.operators.python.PythonOperator` attribute is deprecated. Please use `'airflow.providers.standard.operators.python.PythonOperator'`.","category":"DeprecatedImportWarning","filename":"/opt/airflow/dags/1and16everymonth.py","lineno":4,"logger":"py.warnings"}
{"timestamp":"2025-10-03T03:51:22.556185Z","level":"warning","event":"The `airflow.operators.bash.BashOperator` attribute is deprecated. Please use `'airflow.providers.standard.operators.bash.BashOperator'`.","category":"DeprecatedImportWarning","filename":"/opt/airflow/dags/1and16everymonth.py","lineno":5,"logger":"py.warnings"}
{"timestamp":"2025-10-03T03:51:22.556311Z","level":"warning","event":"The `airflow.utils.timezone.datetime` attribute is deprecated. Please use `'airflow.sdk.timezone.datetime'`.","category":"DeprecatedImportWarning","filename":"/opt/airflow/dags/1and16everymonth.py","lineno":13,"logger":"py.warnings"}
{"timestamp":"2025-10-03T03:51:53.505194Z","level":"info","event":"Filling up the DagBag from /opt/airflow/dags/1and16everymonth.py","logger":"airflow.models.dagbag.DagBag","filename":"dagbag.py","lineno":593}
{"timestamp":"2025-10-03T03:51:53.525442Z","level":"warning","event":"The `airflow.operators.python.PythonOperator` attribute is deprecated. Please use `'airflow.providers.standard.operators.python.PythonOperator'`.","category":"DeprecatedImportWarning","filename":"/opt/airflow/dags/1and16everymonth.py","lineno":4,"logger":"py.warnings"}
{"timestamp":"2025-10-03T03:51:53.525628Z","level":"warning","event":"The `airflow.operators.bash.BashOperator` attribute is deprecated. Please use `'airflow.providers.standard.operators.bash.BashOperator'`.","category":"DeprecatedImportWarning","filename":"/opt/airflow/dags/1and16everymonth.py","lineno":5,"logger":"py.warnings"}
{"timestamp":"2025-10-03T03:51:53.527435Z","level":"warning","event":"The `airflow.utils.timezone.datetime` attribute is deprecated. Please use `'airflow.sdk.timezone.datetime'`.","category":"DeprecatedImportWarning","filename":"/opt/airflow/dags/1and16everymonth.py","lineno":13,"logger":"py.warnings"}
{"timestamp":"2025-10-03T03:52:24.151688Z","level":"info","event":"Filling up the DagBag from /opt/airflow/dags/1and16everymonth.py","logger":"airflow.models.dagbag.DagBag","filename":"dagbag.py","lineno":593}
{"timestamp":"2025-10-03T03:52:24.160799Z","level":"warning","event":"The `airflow.operators.python.PythonOperator` attribute is deprecated. Please use `'airflow.providers.standard.operators.python.PythonOperator'`.","category":"DeprecatedImportWarning","filename":"/opt/airflow/dags/1and16everymonth.py","lineno":4,"logger":"py.warnings"}
{"timestamp":"2025-10-03T03:52:24.160954Z","level":"warning","event":"The `airflow.operators.bash.BashOperator` attribute is deprecated. Please use `'airflow.providers.standard.operators.bash.BashOperator'`.","category":"DeprecatedImportWarning","filename":"/opt/airflow/dags/1and16everymonth.py","lineno":5,"logger":"py.warnings"}
{"timestamp":"2025-10-03T03:52:24.161075Z","level":"warning","event":"The `airflow.utils.timezone.datetime` attribute is deprecated. Please use `'airflow.sdk.timezone.datetime'`.","category":"DeprecatedImportWarning","filename":"/opt/airflow/dags/1and16everymonth.py","lineno":13,"logger":"py.warnings"}
{"timestamp":"2025-10-03T03:52:54.915171Z","level":"info","event":"Filling up the DagBag from /opt/airflow/dags/1and16everymonth.py","logger":"airflow.models.dagbag.DagBag","filename":"dagbag.py","lineno":593}
{"timestamp":"2025-10-03T03:52:54.924417Z","level":"warning","event":"The `airflow.operators.python.PythonOperator` attribute is deprecated. Please use `'airflow.providers.standard.operators.python.PythonOperator'`.","category":"DeprecatedImportWarning","filename":"/opt/airflow/dags/1and16everymonth.py","lineno":4,"logger":"py.warnings"}
{"timestamp":"2025-10-03T03:52:54.924576Z","level":"warning","event":"The `airflow.operators.bash.BashOperator` attribute is deprecated. Please use `'airflow.providers.standard.operators.bash.BashOperator'`.","category":"DeprecatedImportWarning","filename":"/opt/airflow/dags/1and16everymonth.py","lineno":5,"logger":"py.warnings"}
{"timestamp":"2025-10-03T03:52:54.924719Z","level":"warning","event":"The `airflow.utils.timezone.datetime` attribute is deprecated. Please use `'airflow.sdk.timezone.datetime'`.","category":"DeprecatedImportWarning","filename":"/opt/airflow/dags/1and16everymonth.py","lineno":13,"logger":"py.warnings"}
{"timestamp":"2025-10-03T03:53:25.576838Z","level":"info","event":"Filling up the DagBag from /opt/airflow/dags/1and16everymonth.py","logger":"airflow.models.dagbag.DagBag","filename":"dagbag.py","lineno":593}
{"timestamp":"2025-10-03T03:53:25.585965Z","level":"warning","event":"The `airflow.operators.python.PythonOperator` attribute is deprecated. Please use `'airflow.providers.standard.operators.python.PythonOperator'`.","category":"DeprecatedImportWarning","filename":"/opt/airflow/dags/1and16everymonth.py","lineno":4,"logger":"py.warnings"}
{"timestamp":"2025-10-03T03:53:25.586119Z","level":"warning","event":"The `airflow.operators.bash.BashOperator` attribute is deprecated. Please use `'airflow.providers.standard.operators.bash.BashOperator'`.","category":"DeprecatedImportWarning","filename":"/opt/airflow/dags/1and16everymonth.py","lineno":5,"logger":"py.warnings"}
{"timestamp":"2025-10-03T03:53:25.586240Z","level":"warning","event":"The `airflow.utils.timezone.datetime` attribute is deprecated. Please use `'airflow.sdk.timezone.datetime'`.","category":"DeprecatedImportWarning","filename":"/opt/airflow/dags/1and16everymonth.py","lineno":13,"logger":"py.warnings"}
{"timestamp":"2025-10-03T03:53:56.212448Z","level":"info","event":"Filling up the DagBag from /opt/airflow/dags/1and16everymonth.py","logger":"airflow.models.dagbag.DagBag","filename":"dagbag.py","lineno":593}
{"timestamp":"2025-10-03T03:53:56.232821Z","level":"warning","event":"The `airflow.operators.python.PythonOperator` attribute is deprecated. Please use `'airflow.providers.standard.operators.python.PythonOperator'`.","category":"DeprecatedImportWarning","filename":"/opt/airflow/dags/1and16everymonth.py","lineno":4,"logger":"py.warnings"}
{"timestamp":"2025-10-03T03:53:56.233007Z","level":"warning","event":"The `airflow.operators.bash.BashOperator` attribute is deprecated. Please use `'airflow.providers.standard.operators.bash.BashOperator'`.","category":"DeprecatedImportWarning","filename":"/opt/airflow/dags/1and16everymonth.py","lineno":5,"logger":"py.warnings"}
{"timestamp":"2025-10-03T03:53:56.233142Z","level":"warning","event":"The `airflow.utils.timezone.datetime` attribute is deprecated. Please use `'airflow.sdk.timezone.datetime'`.","category":"DeprecatedImportWarning","filename":"/opt/airflow/dags/1and16everymonth.py","lineno":13,"logger":"py.warnings"}
{"timestamp":"2025-10-03T03:54:27.049219Z","level":"info","event":"Filling up the DagBag from /opt/airflow/dags/1and16everymonth.py","logger":"airflow.models.dagbag.DagBag","filename":"dagbag.py","lineno":593}
{"timestamp":"2025-10-03T03:54:27.058028Z","level":"warning","event":"The `airflow.operators.python.PythonOperator` attribute is deprecated. Please use `'airflow.providers.standard.operators.python.PythonOperator'`.","category":"DeprecatedImportWarning","filename":"/opt/airflow/dags/1and16everymonth.py","lineno":4,"logger":"py.warnings"}
{"timestamp":"2025-10-03T03:54:27.058203Z","level":"warning","event":"The `airflow.operators.bash.BashOperator` attribute is deprecated. Please use `'airflow.providers.standard.operators.bash.BashOperator'`.","category":"DeprecatedImportWarning","filename":"/opt/airflow/dags/1and16everymonth.py","lineno":5,"logger":"py.warnings"}
{"timestamp":"2025-10-03T03:54:27.058325Z","level":"warning","event":"The `airflow.utils.timezone.datetime` attribute is deprecated. Please use `'airflow.sdk.timezone.datetime'`.","category":"DeprecatedImportWarning","filename":"/opt/airflow/dags/1and16everymonth.py","lineno":13,"logger":"py.warnings"}
{"timestamp":"2025-10-03T03:54:57.828786Z","level":"info","event":"Filling up the DagBag from /opt/airflow/dags/1and16everymonth.py","logger":"airflow.models.dagbag.DagBag","filename":"dagbag.py","lineno":593}
{"timestamp":"2025-10-03T03:54:57.838434Z","level":"warning","event":"The `airflow.operators.python.PythonOperator` attribute is deprecated. Please use `'airflow.providers.standard.operators.python.PythonOperator'`.","category":"DeprecatedImportWarning","filename":"/opt/airflow/dags/1and16everymonth.py","lineno":4,"logger":"py.warnings"}
{"timestamp":"2025-10-03T03:54:57.838606Z","level":"warning","event":"The `airflow.operators.bash.BashOperator` attribute is deprecated. Please use `'airflow.providers.standard.operators.bash.BashOperator'`.","category":"DeprecatedImportWarning","filename":"/opt/airflow/dags/1and16everymonth.py","lineno":5,"logger":"py.warnings"}
{"timestamp":"2025-10-03T03:54:57.838744Z","level":"warning","event":"The `airflow.utils.timezone.datetime` attribute is deprecated. Please use `'airflow.sdk.timezone.datetime'`.","category":"DeprecatedImportWarning","filename":"/opt/airflow/dags/1and16everymonth.py","lineno":13,"logger":"py.warnings"}
{"timestamp":"2025-10-03T03:55:28.482603Z","level":"info","event":"Filling up the DagBag from /opt/airflow/dags/1and16everymonth.py","logger":"airflow.models.dagbag.DagBag","filename":"dagbag.py","lineno":593}
{"timestamp":"2025-10-03T03:55:28.492019Z","level":"warning","event":"The `airflow.operators.python.PythonOperator` attribute is deprecated. Please use `'airflow.providers.standard.operators.python.PythonOperator'`.","category":"DeprecatedImportWarning","filename":"/opt/airflow/dags/1and16everymonth.py","lineno":4,"logger":"py.warnings"}
{"timestamp":"2025-10-03T03:55:28.492169Z","level":"warning","event":"The `airflow.operators.bash.BashOperator` attribute is deprecated. Please use `'airflow.providers.standard.operators.bash.BashOperator'`.","category":"DeprecatedImportWarning","filename":"/opt/airflow/dags/1and16everymonth.py","lineno":5,"logger":"py.warnings"}
{"timestamp":"2025-10-03T03:55:28.492281Z","level":"warning","event":"The `airflow.utils.timezone.datetime` attribute is deprecated. Please use `'airflow.sdk.timezone.datetime'`.","category":"DeprecatedImportWarning","filename":"/opt/airflow/dags/1and16everymonth.py","lineno":13,"logger":"py.warnings"}
{"timestamp":"2025-10-03T03:55:59.164840Z","level":"info","event":"Filling up the DagBag from /opt/airflow/dags/1and16everymonth.py","logger":"airflow.models.dagbag.DagBag","filename":"dagbag.py","lineno":593}
{"timestamp":"2025-10-03T03:55:59.174489Z","level":"warning","event":"The `airflow.operators.python.PythonOperator` attribute is deprecated. Please use `'airflow.providers.standard.operators.python.PythonOperator'`.","category":"DeprecatedImportWarning","filename":"/opt/airflow/dags/1and16everymonth.py","lineno":4,"logger":"py.warnings"}
{"timestamp":"2025-10-03T03:55:59.174652Z","level":"warning","event":"The `airflow.operators.bash.BashOperator` attribute is deprecated. Please use `'airflow.providers.standard.operators.bash.BashOperator'`.","category":"DeprecatedImportWarning","filename":"/opt/airflow/dags/1and16everymonth.py","lineno":5,"logger":"py.warnings"}
{"timestamp":"2025-10-03T03:55:59.174837Z","level":"warning","event":"The `airflow.utils.timezone.datetime` attribute is deprecated. Please use `'airflow.sdk.timezone.datetime'`.","category":"DeprecatedImportWarning","filename":"/opt/airflow/dags/1and16everymonth.py","lineno":13,"logger":"py.warnings"}
{"timestamp":"2025-10-03T03:56:29.848386Z","level":"info","event":"Filling up the DagBag from /opt/airflow/dags/1and16everymonth.py","logger":"airflow.models.dagbag.DagBag","filename":"dagbag.py","lineno":593}
{"timestamp":"2025-10-03T03:56:29.868813Z","level":"warning","event":"The `airflow.operators.python.PythonOperator` attribute is deprecated. Please use `'airflow.providers.standard.operators.python.PythonOperator'`.","category":"DeprecatedImportWarning","filename":"/opt/airflow/dags/1and16everymonth.py","lineno":4,"logger":"py.warnings"}
{"timestamp":"2025-10-03T03:56:29.869007Z","level":"warning","event":"The `airflow.operators.bash.BashOperator` attribute is deprecated. Please use `'airflow.providers.standard.operators.bash.BashOperator'`.","category":"DeprecatedImportWarning","filename":"/opt/airflow/dags/1and16everymonth.py","lineno":5,"logger":"py.warnings"}
{"timestamp":"2025-10-03T03:56:29.869140Z","level":"warning","event":"The `airflow.utils.timezone.datetime` attribute is deprecated. Please use `'airflow.sdk.timezone.datetime'`.","category":"DeprecatedImportWarning","filename":"/opt/airflow/dags/1and16everymonth.py","lineno":13,"logger":"py.warnings"}
{"timestamp":"2025-10-03T03:57:00.499413Z","level":"info","event":"Filling up the DagBag from /opt/airflow/dags/1and16everymonth.py","logger":"airflow.models.dagbag.DagBag","filename":"dagbag.py","lineno":593}
{"timestamp":"2025-10-03T03:57:00.517088Z","level":"warning","event":"The `airflow.operators.python.PythonOperator` attribute is deprecated. Please use `'airflow.providers.standard.operators.python.PythonOperator'`.","category":"DeprecatedImportWarning","filename":"/opt/airflow/dags/1and16everymonth.py","lineno":4,"logger":"py.warnings"}
{"timestamp":"2025-10-03T03:57:00.517265Z","level":"warning","event":"The `airflow.operators.bash.BashOperator` attribute is deprecated. Please use `'airflow.providers.standard.operators.bash.BashOperator'`.","category":"DeprecatedImportWarning","filename":"/opt/airflow/dags/1and16everymonth.py","lineno":5,"logger":"py.warnings"}
{"timestamp":"2025-10-03T03:57:00.517402Z","level":"warning","event":"The `airflow.utils.timezone.datetime` attribute is deprecated. Please use `'airflow.sdk.timezone.datetime'`.","category":"DeprecatedImportWarning","filename":"/opt/airflow/dags/1and16everymonth.py","lineno":13,"logger":"py.warnings"}
{"timestamp":"2025-10-03T03:57:31.163892Z","level":"info","event":"Filling up the DagBag from /opt/airflow/dags/1and16everymonth.py","logger":"airflow.models.dagbag.DagBag","filename":"dagbag.py","lineno":593}
{"timestamp":"2025-10-03T03:57:31.173183Z","level":"warning","event":"The `airflow.operators.python.PythonOperator` attribute is deprecated. Please use `'airflow.providers.standard.operators.python.PythonOperator'`.","category":"DeprecatedImportWarning","filename":"/opt/airflow/dags/1and16everymonth.py","lineno":4,"logger":"py.warnings"}
{"timestamp":"2025-10-03T03:57:31.173338Z","level":"warning","event":"The `airflow.operators.bash.BashOperator` attribute is deprecated. Please use `'airflow.providers.standard.operators.bash.BashOperator'`.","category":"DeprecatedImportWarning","filename":"/opt/airflow/dags/1and16everymonth.py","lineno":5,"logger":"py.warnings"}
{"timestamp":"2025-10-03T03:57:31.173451Z","level":"warning","event":"The `airflow.utils.timezone.datetime` attribute is deprecated. Please use `'airflow.sdk.timezone.datetime'`.","category":"DeprecatedImportWarning","filename":"/opt/airflow/dags/1and16everymonth.py","lineno":13,"logger":"py.warnings"}
{"timestamp":"2025-10-03T03:58:01.932269Z","level":"info","event":"Filling up the DagBag from /opt/airflow/dags/1and16everymonth.py","logger":"airflow.models.dagbag.DagBag","filename":"dagbag.py","lineno":593}
{"timestamp":"2025-10-03T03:58:01.941654Z","level":"warning","event":"The `airflow.operators.python.PythonOperator` attribute is deprecated. Please use `'airflow.providers.standard.operators.python.PythonOperator'`.","category":"DeprecatedImportWarning","filename":"/opt/airflow/dags/1and16everymonth.py","lineno":4,"logger":"py.warnings"}
{"timestamp":"2025-10-03T03:58:01.941834Z","level":"warning","event":"The `airflow.operators.bash.BashOperator` attribute is deprecated. Please use `'airflow.providers.standard.operators.bash.BashOperator'`.","category":"DeprecatedImportWarning","filename":"/opt/airflow/dags/1and16everymonth.py","lineno":5,"logger":"py.warnings"}
{"timestamp":"2025-10-03T03:58:01.941949Z","level":"warning","event":"The `airflow.utils.timezone.datetime` attribute is deprecated. Please use `'airflow.sdk.timezone.datetime'`.","category":"DeprecatedImportWarning","filename":"/opt/airflow/dags/1and16everymonth.py","lineno":13,"logger":"py.warnings"}
{"timestamp":"2025-10-03T03:58:32.500919Z","level":"info","event":"Filling up the DagBag from /opt/airflow/dags/1and16everymonth.py","logger":"airflow.models.dagbag.DagBag","filename":"dagbag.py","lineno":593}
{"timestamp":"2025-10-03T03:58:32.510802Z","level":"warning","event":"The `airflow.operators.python.PythonOperator` attribute is deprecated. Please use `'airflow.providers.standard.operators.python.PythonOperator'`.","category":"DeprecatedImportWarning","filename":"/opt/airflow/dags/1and16everymonth.py","lineno":4,"logger":"py.warnings"}
{"timestamp":"2025-10-03T03:58:32.510964Z","level":"warning","event":"The `airflow.operators.bash.BashOperator` attribute is deprecated. Please use `'airflow.providers.standard.operators.bash.BashOperator'`.","category":"DeprecatedImportWarning","filename":"/opt/airflow/dags/1and16everymonth.py","lineno":5,"logger":"py.warnings"}
{"timestamp":"2025-10-03T03:58:32.511092Z","level":"warning","event":"The `airflow.utils.timezone.datetime` attribute is deprecated. Please use `'airflow.sdk.timezone.datetime'`.","category":"DeprecatedImportWarning","filename":"/opt/airflow/dags/1and16everymonth.py","lineno":13,"logger":"py.warnings"}
{"timestamp":"2025-10-03T03:59:03.107961Z","level":"info","event":"Filling up the DagBag from /opt/airflow/dags/1and16everymonth.py","logger":"airflow.models.dagbag.DagBag","filename":"dagbag.py","lineno":593}
{"timestamp":"2025-10-03T03:59:03.117328Z","level":"warning","event":"The `airflow.operators.python.PythonOperator` attribute is deprecated. Please use `'airflow.providers.standard.operators.python.PythonOperator'`.","category":"DeprecatedImportWarning","filename":"/opt/airflow/dags/1and16everymonth.py","lineno":4,"logger":"py.warnings"}
{"timestamp":"2025-10-03T03:59:03.117486Z","level":"warning","event":"The `airflow.operators.bash.BashOperator` attribute is deprecated. Please use `'airflow.providers.standard.operators.bash.BashOperator'`.","category":"DeprecatedImportWarning","filename":"/opt/airflow/dags/1and16everymonth.py","lineno":5,"logger":"py.warnings"}
{"timestamp":"2025-10-03T03:59:03.117604Z","level":"warning","event":"The `airflow.utils.timezone.datetime` attribute is deprecated. Please use `'airflow.sdk.timezone.datetime'`.","category":"DeprecatedImportWarning","filename":"/opt/airflow/dags/1and16everymonth.py","lineno":13,"logger":"py.warnings"}
{"timestamp":"2025-10-03T03:59:33.698751Z","level":"info","event":"Filling up the DagBag from /opt/airflow/dags/1and16everymonth.py","logger":"airflow.models.dagbag.DagBag","filename":"dagbag.py","lineno":593}
{"timestamp":"2025-10-03T03:59:33.708039Z","level":"warning","event":"The `airflow.operators.python.PythonOperator` attribute is deprecated. Please use `'airflow.providers.standard.operators.python.PythonOperator'`.","category":"DeprecatedImportWarning","filename":"/opt/airflow/dags/1and16everymonth.py","lineno":4,"logger":"py.warnings"}
{"timestamp":"2025-10-03T03:59:33.708185Z","level":"warning","event":"The `airflow.operators.bash.BashOperator` attribute is deprecated. Please use `'airflow.providers.standard.operators.bash.BashOperator'`.","category":"DeprecatedImportWarning","filename":"/opt/airflow/dags/1and16everymonth.py","lineno":5,"logger":"py.warnings"}
{"timestamp":"2025-10-03T03:59:33.708297Z","level":"warning","event":"The `airflow.utils.timezone.datetime` attribute is deprecated. Please use `'airflow.sdk.timezone.datetime'`.","category":"DeprecatedImportWarning","filename":"/opt/airflow/dags/1and16everymonth.py","lineno":13,"logger":"py.warnings"}
{"timestamp":"2025-10-03T04:00:04.312268Z","level":"info","event":"Filling up the DagBag from /opt/airflow/dags/1and16everymonth.py","logger":"airflow.models.dagbag.DagBag","filename":"dagbag.py","lineno":593}
{"timestamp":"2025-10-03T04:00:04.321932Z","level":"warning","event":"The `airflow.operators.python.PythonOperator` attribute is deprecated. Please use `'airflow.providers.standard.operators.python.PythonOperator'`.","category":"DeprecatedImportWarning","filename":"/opt/airflow/dags/1and16everymonth.py","lineno":4,"logger":"py.warnings"}
{"timestamp":"2025-10-03T04:00:04.322105Z","level":"warning","event":"The `airflow.operators.bash.BashOperator` attribute is deprecated. Please use `'airflow.providers.standard.operators.bash.BashOperator'`.","category":"DeprecatedImportWarning","filename":"/opt/airflow/dags/1and16everymonth.py","lineno":5,"logger":"py.warnings"}
{"timestamp":"2025-10-03T04:00:04.322223Z","level":"warning","event":"The `airflow.utils.timezone.datetime` attribute is deprecated. Please use `'airflow.sdk.timezone.datetime'`.","category":"DeprecatedImportWarning","filename":"/opt/airflow/dags/1and16everymonth.py","lineno":13,"logger":"py.warnings"}
{"timestamp":"2025-10-03T04:00:34.856375Z","level":"info","event":"Filling up the DagBag from /opt/airflow/dags/1and16everymonth.py","logger":"airflow.models.dagbag.DagBag","filename":"dagbag.py","lineno":593}
{"timestamp":"2025-10-03T04:00:34.865583Z","level":"warning","event":"The `airflow.operators.python.PythonOperator` attribute is deprecated. Please use `'airflow.providers.standard.operators.python.PythonOperator'`.","category":"DeprecatedImportWarning","filename":"/opt/airflow/dags/1and16everymonth.py","lineno":4,"logger":"py.warnings"}
{"timestamp":"2025-10-03T04:00:34.865761Z","level":"warning","event":"The `airflow.operators.bash.BashOperator` attribute is deprecated. Please use `'airflow.providers.standard.operators.bash.BashOperator'`.","category":"DeprecatedImportWarning","filename":"/opt/airflow/dags/1and16everymonth.py","lineno":5,"logger":"py.warnings"}
{"timestamp":"2025-10-03T04:00:34.865882Z","level":"warning","event":"The `airflow.utils.timezone.datetime` attribute is deprecated. Please use `'airflow.sdk.timezone.datetime'`.","category":"DeprecatedImportWarning","filename":"/opt/airflow/dags/1and16everymonth.py","lineno":13,"logger":"py.warnings"}
{"timestamp":"2025-10-03T04:01:05.578882Z","level":"info","event":"Filling up the DagBag from /opt/airflow/dags/1and16everymonth.py","logger":"airflow.models.dagbag.DagBag","filename":"dagbag.py","lineno":593}
{"timestamp":"2025-10-03T04:01:05.593949Z","level":"warning","event":"The `airflow.operators.python.PythonOperator` attribute is deprecated. Please use `'airflow.providers.standard.operators.python.PythonOperator'`.","category":"DeprecatedImportWarning","filename":"/opt/airflow/dags/1and16everymonth.py","lineno":4,"logger":"py.warnings"}
{"timestamp":"2025-10-03T04:01:05.594120Z","level":"warning","event":"The `airflow.operators.bash.BashOperator` attribute is deprecated. Please use `'airflow.providers.standard.operators.bash.BashOperator'`.","category":"DeprecatedImportWarning","filename":"/opt/airflow/dags/1and16everymonth.py","lineno":5,"logger":"py.warnings"}
{"timestamp":"2025-10-03T04:01:05.594243Z","level":"warning","event":"The `airflow.utils.timezone.datetime` attribute is deprecated. Please use `'airflow.sdk.timezone.datetime'`.","category":"DeprecatedImportWarning","filename":"/opt/airflow/dags/1and16everymonth.py","lineno":13,"logger":"py.warnings"}
{"timestamp":"2025-10-03T04:01:36.174005Z","level":"info","event":"Filling up the DagBag from /opt/airflow/dags/1and16everymonth.py","logger":"airflow.models.dagbag.DagBag","filename":"dagbag.py","lineno":593}
{"timestamp":"2025-10-03T04:01:36.196385Z","level":"warning","event":"The `airflow.operators.python.PythonOperator` attribute is deprecated. Please use `'airflow.providers.standard.operators.python.PythonOperator'`.","category":"DeprecatedImportWarning","filename":"/opt/airflow/dags/1and16everymonth.py","lineno":4,"logger":"py.warnings"}
{"timestamp":"2025-10-03T04:01:36.196570Z","level":"warning","event":"The `airflow.operators.bash.BashOperator` attribute is deprecated. Please use `'airflow.providers.standard.operators.bash.BashOperator'`.","category":"DeprecatedImportWarning","filename":"/opt/airflow/dags/1and16everymonth.py","lineno":5,"logger":"py.warnings"}
{"timestamp":"2025-10-03T04:01:36.202403Z","level":"warning","event":"The `airflow.utils.timezone.datetime` attribute is deprecated. Please use `'airflow.sdk.timezone.datetime'`.","category":"DeprecatedImportWarning","filename":"/opt/airflow/dags/1and16everymonth.py","lineno":13,"logger":"py.warnings"}
{"timestamp":"2025-10-03T04:02:06.901778Z","level":"info","event":"Filling up the DagBag from /opt/airflow/dags/1and16everymonth.py","logger":"airflow.models.dagbag.DagBag","filename":"dagbag.py","lineno":593}
{"timestamp":"2025-10-03T04:02:06.910937Z","level":"warning","event":"The `airflow.operators.python.PythonOperator` attribute is deprecated. Please use `'airflow.providers.standard.operators.python.PythonOperator'`.","category":"DeprecatedImportWarning","filename":"/opt/airflow/dags/1and16everymonth.py","lineno":4,"logger":"py.warnings"}
{"timestamp":"2025-10-03T04:02:06.911088Z","level":"warning","event":"The `airflow.operators.bash.BashOperator` attribute is deprecated. Please use `'airflow.providers.standard.operators.bash.BashOperator'`.","category":"DeprecatedImportWarning","filename":"/opt/airflow/dags/1and16everymonth.py","lineno":5,"logger":"py.warnings"}
{"timestamp":"2025-10-03T04:02:06.911202Z","level":"warning","event":"The `airflow.utils.timezone.datetime` attribute is deprecated. Please use `'airflow.sdk.timezone.datetime'`.","category":"DeprecatedImportWarning","filename":"/opt/airflow/dags/1and16everymonth.py","lineno":13,"logger":"py.warnings"}
{"timestamp":"2025-10-03T04:02:37.693026Z","level":"info","event":"Filling up the DagBag from /opt/airflow/dags/1and16everymonth.py","logger":"airflow.models.dagbag.DagBag","filename":"dagbag.py","lineno":593}
{"timestamp":"2025-10-03T04:02:37.706852Z","level":"warning","event":"The `airflow.operators.python.PythonOperator` attribute is deprecated. Please use `'airflow.providers.standard.operators.python.PythonOperator'`.","category":"DeprecatedImportWarning","filename":"/opt/airflow/dags/1and16everymonth.py","lineno":4,"logger":"py.warnings"}
{"timestamp":"2025-10-03T04:02:37.707035Z","level":"warning","event":"The `airflow.operators.bash.BashOperator` attribute is deprecated. Please use `'airflow.providers.standard.operators.bash.BashOperator'`.","category":"DeprecatedImportWarning","filename":"/opt/airflow/dags/1and16everymonth.py","lineno":5,"logger":"py.warnings"}
{"timestamp":"2025-10-03T04:02:37.707163Z","level":"warning","event":"The `airflow.utils.timezone.datetime` attribute is deprecated. Please use `'airflow.sdk.timezone.datetime'`.","category":"DeprecatedImportWarning","filename":"/opt/airflow/dags/1and16everymonth.py","lineno":13,"logger":"py.warnings"}
{"timestamp":"2025-10-03T04:03:08.512941Z","level":"info","event":"Filling up the DagBag from /opt/airflow/dags/1and16everymonth.py","logger":"airflow.models.dagbag.DagBag","filename":"dagbag.py","lineno":593}
{"timestamp":"2025-10-03T04:03:08.521836Z","level":"warning","event":"The `airflow.operators.python.PythonOperator` attribute is deprecated. Please use `'airflow.providers.standard.operators.python.PythonOperator'`.","category":"DeprecatedImportWarning","filename":"/opt/airflow/dags/1and16everymonth.py","lineno":4,"logger":"py.warnings"}
{"timestamp":"2025-10-03T04:03:08.522001Z","level":"warning","event":"The `airflow.operators.bash.BashOperator` attribute is deprecated. Please use `'airflow.providers.standard.operators.bash.BashOperator'`.","category":"DeprecatedImportWarning","filename":"/opt/airflow/dags/1and16everymonth.py","lineno":5,"logger":"py.warnings"}
{"timestamp":"2025-10-03T04:03:08.522121Z","level":"warning","event":"The `airflow.utils.timezone.datetime` attribute is deprecated. Please use `'airflow.sdk.timezone.datetime'`.","category":"DeprecatedImportWarning","filename":"/opt/airflow/dags/1and16everymonth.py","lineno":13,"logger":"py.warnings"}
{"timestamp":"2025-10-03T04:03:39.096792Z","level":"info","event":"Filling up the DagBag from /opt/airflow/dags/1and16everymonth.py","logger":"airflow.models.dagbag.DagBag","filename":"dagbag.py","lineno":593}
{"timestamp":"2025-10-03T04:03:39.106167Z","level":"warning","event":"The `airflow.operators.python.PythonOperator` attribute is deprecated. Please use `'airflow.providers.standard.operators.python.PythonOperator'`.","category":"DeprecatedImportWarning","filename":"/opt/airflow/dags/1and16everymonth.py","lineno":4,"logger":"py.warnings"}
{"timestamp":"2025-10-03T04:03:39.106324Z","level":"warning","event":"The `airflow.operators.bash.BashOperator` attribute is deprecated. Please use `'airflow.providers.standard.operators.bash.BashOperator'`.","category":"DeprecatedImportWarning","filename":"/opt/airflow/dags/1and16everymonth.py","lineno":5,"logger":"py.warnings"}
{"timestamp":"2025-10-03T04:03:39.106441Z","level":"warning","event":"The `airflow.utils.timezone.datetime` attribute is deprecated. Please use `'airflow.sdk.timezone.datetime'`.","category":"DeprecatedImportWarning","filename":"/opt/airflow/dags/1and16everymonth.py","lineno":13,"logger":"py.warnings"}
{"timestamp":"2025-10-03T04:04:09.646339Z","level":"info","event":"Filling up the DagBag from /opt/airflow/dags/1and16everymonth.py","logger":"airflow.models.dagbag.DagBag","filename":"dagbag.py","lineno":593}
{"timestamp":"2025-10-03T04:04:09.655646Z","level":"warning","event":"The `airflow.operators.python.PythonOperator` attribute is deprecated. Please use `'airflow.providers.standard.operators.python.PythonOperator'`.","category":"DeprecatedImportWarning","filename":"/opt/airflow/dags/1and16everymonth.py","lineno":4,"logger":"py.warnings"}
{"timestamp":"2025-10-03T04:04:09.655826Z","level":"warning","event":"The `airflow.operators.bash.BashOperator` attribute is deprecated. Please use `'airflow.providers.standard.operators.bash.BashOperator'`.","category":"DeprecatedImportWarning","filename":"/opt/airflow/dags/1and16everymonth.py","lineno":5,"logger":"py.warnings"}
{"timestamp":"2025-10-03T04:04:09.655941Z","level":"warning","event":"The `airflow.utils.timezone.datetime` attribute is deprecated. Please use `'airflow.sdk.timezone.datetime'`.","category":"DeprecatedImportWarning","filename":"/opt/airflow/dags/1and16everymonth.py","lineno":13,"logger":"py.warnings"}
{"timestamp":"2025-10-03T04:04:40.407122Z","level":"info","event":"Filling up the DagBag from /opt/airflow/dags/1and16everymonth.py","logger":"airflow.models.dagbag.DagBag","filename":"dagbag.py","lineno":593}
{"timestamp":"2025-10-03T04:04:40.415535Z","level":"warning","event":"The `airflow.operators.python.PythonOperator` attribute is deprecated. Please use `'airflow.providers.standard.operators.python.PythonOperator'`.","category":"DeprecatedImportWarning","filename":"/opt/airflow/dags/1and16everymonth.py","lineno":4,"logger":"py.warnings"}
{"timestamp":"2025-10-03T04:04:40.415699Z","level":"warning","event":"The `airflow.operators.bash.BashOperator` attribute is deprecated. Please use `'airflow.providers.standard.operators.bash.BashOperator'`.","category":"DeprecatedImportWarning","filename":"/opt/airflow/dags/1and16everymonth.py","lineno":5,"logger":"py.warnings"}
{"timestamp":"2025-10-03T04:04:40.415817Z","level":"warning","event":"The `airflow.utils.timezone.datetime` attribute is deprecated. Please use `'airflow.sdk.timezone.datetime'`.","category":"DeprecatedImportWarning","filename":"/opt/airflow/dags/1and16everymonth.py","lineno":13,"logger":"py.warnings"}
{"timestamp":"2025-10-03T04:05:10.465618Z","level":"info","event":"Filling up the DagBag from /opt/airflow/dags/1and16everymonth.py","logger":"airflow.models.dagbag.DagBag","filename":"dagbag.py","lineno":593}
{"timestamp":"2025-10-03T04:05:10.474020Z","level":"warning","event":"The `airflow.operators.python.PythonOperator` attribute is deprecated. Please use `'airflow.providers.standard.operators.python.PythonOperator'`.","category":"DeprecatedImportWarning","filename":"/opt/airflow/dags/1and16everymonth.py","lineno":4,"logger":"py.warnings"}
{"timestamp":"2025-10-03T04:05:10.474169Z","level":"warning","event":"The `airflow.operators.bash.BashOperator` attribute is deprecated. Please use `'airflow.providers.standard.operators.bash.BashOperator'`.","category":"DeprecatedImportWarning","filename":"/opt/airflow/dags/1and16everymonth.py","lineno":5,"logger":"py.warnings"}
{"timestamp":"2025-10-03T04:05:10.474279Z","level":"warning","event":"The `airflow.utils.timezone.datetime` attribute is deprecated. Please use `'airflow.sdk.timezone.datetime'`.","category":"DeprecatedImportWarning","filename":"/opt/airflow/dags/1and16everymonth.py","lineno":13,"logger":"py.warnings"}
{"timestamp":"2025-10-03T04:05:41.114129Z","level":"info","event":"Filling up the DagBag from /opt/airflow/dags/1and16everymonth.py","logger":"airflow.models.dagbag.DagBag","filename":"dagbag.py","lineno":593}
{"timestamp":"2025-10-03T04:05:41.122580Z","level":"warning","event":"The `airflow.operators.python.PythonOperator` attribute is deprecated. Please use `'airflow.providers.standard.operators.python.PythonOperator'`.","category":"DeprecatedImportWarning","filename":"/opt/airflow/dags/1and16everymonth.py","lineno":4,"logger":"py.warnings"}
{"timestamp":"2025-10-03T04:05:41.122757Z","level":"warning","event":"The `airflow.operators.bash.BashOperator` attribute is deprecated. Please use `'airflow.providers.standard.operators.bash.BashOperator'`.","category":"DeprecatedImportWarning","filename":"/opt/airflow/dags/1and16everymonth.py","lineno":5,"logger":"py.warnings"}
{"timestamp":"2025-10-03T04:05:41.122879Z","level":"warning","event":"The `airflow.utils.timezone.datetime` attribute is deprecated. Please use `'airflow.sdk.timezone.datetime'`.","category":"DeprecatedImportWarning","filename":"/opt/airflow/dags/1and16everymonth.py","lineno":13,"logger":"py.warnings"}
